Arguments: 
  /usr/local/bin/node /Users/maxzhang/.yarn/bin/yarn.js add @heroicons

PATH: 
  /Users/maxzhang/.yarn/bin:/Users/maxzhang/.config/yarn/global/node_modules/.bin:/usr/local/opt/python@3.7/bin:/usr/local/opt/python@3.7/bin:/Library/Frameworks/Python.framework/Versions/3.8/bin:/usr/local/bin:/usr/bin:/bin:/usr/sbin:/sbin:/Applications/VMware Fusion.app/Contents/Public:/usr/local/share/dotnet:~/.dotnet/tools:/Library/Frameworks/Mono.framework/Versions/Current/Commands:/Users/maxzhang/.yarn/bin:/Users/maxzhang/.config/yarn/global/node_modules/.bin:/usr/local/opt/python@3.7/bin:/Library/Frameworks/Python.framework/Versions/3.8/bin

Yarn version: 
  1.22.5

Node version: 
  15.6.0

Platform: 
  darwin x64

Trace: 
  Error: http://local.server42.ziel.cn:50100/repository/eyanpm/@heroicons: Not found
      at Request.params.callback [as _callback] (/Users/maxzhang/.yarn/lib/cli.js:66988:18)
      at Request.self.callback (/Users/maxzhang/.yarn/lib/cli.js:140749:22)
      at Request.emit (node:events:379:20)
      at Request.<anonymous> (/Users/maxzhang/.yarn/lib/cli.js:141721:10)
      at Request.emit (node:events:379:20)
      at IncomingMessage.<anonymous> (/Users/maxzhang/.yarn/lib/cli.js:141643:12)
      at Object.onceWrapper (node:events:485:28)
      at IncomingMessage.emit (node:events:391:22)
      at endReadableNT (node:internal/streams/readable:1307:12)
      at processTicksAndRejections (node:internal/process/task_queues:81:21)

npm manifest: 
  {
    "name": "mails-code",
    "version": "0.0.0",
    "scripts": {
      "dev": "vite",
      "build": "vite build"
    },
    "dependencies": {
      "@tailwindcss/forms": "^0.3.2",
      "autoprefixer": "^10.2.5",
      "tailwindcss": "^2.1.2",
      "vue": "^3.0.4"
    },
    "devDependencies": {
      "@vue/compiler-sfc": "^3.0.4",
      "pug": "^3.0.2",
      "vite": "^1.0.0-rc.13"
    }
  }

yarn manifest: 
  No manifest

Lockfile: 
  # THIS IS AN AUTOGENERATED FILE. DO NOT EDIT THIS FILE DIRECTLY.
  # yarn lockfile v1
  
  
  "@babel/code-frame@^7.0.0", "@babel/code-frame@^7.10.4":
    version "7.12.13"
    resolved "http://local.server42.ziel.cn:50100/repository/eyanpm/@babel/code-frame/-/code-frame-7.12.13.tgz"
    integrity sha1-3PyCa+72XnXFDiHTg319lXmN1lg=
    dependencies:
      "@babel/highlight" "^7.12.13"
  
  "@babel/helper-validator-identifier@^7.12.11":
    version "7.12.11"
    resolved "http://local.server42.ziel.cn:50100/repository/eyanpm/@babel/helper-validator-identifier/-/helper-validator-identifier-7.12.11.tgz"
    integrity sha1-yaHwIZF9y1zPDU5FPjmQIpgfye0=
  
  "@babel/highlight@^7.12.13":
    version "7.13.10"
    resolved "http://local.server42.ziel.cn:50100/repository/eyanpm/@babel/highlight/-/highlight-7.13.10.tgz"
    integrity sha1-qLKmYUj1sn1maxXYF3Q0enMdUtE=
    dependencies:
      "@babel/helper-validator-identifier" "^7.12.11"
      chalk "^2.0.0"
      js-tokens "^4.0.0"
  
  "@babel/parser@^7.12.0", "@babel/parser@^7.12.7", "@babel/parser@^7.13.9", "@babel/parser@^7.6.0", "@babel/parser@^7.9.6":
    version "7.13.16"
    resolved "http://local.server42.ziel.cn:50100/repository/eyanpm/@babel/parser/-/parser-7.13.16.tgz"
    integrity sha1-DxgXmwRI5pObHz9cTDVaOpvN/Tc=
  
  "@babel/types@^7.12.0", "@babel/types@^7.13.0", "@babel/types@^7.6.1", "@babel/types@^7.9.6":
    version "7.13.17"
    resolved "http://local.server42.ziel.cn:50100/repository/eyanpm/@babel/types/-/types-7.13.17.tgz"
    integrity sha1-SAEKEVyfunWItEN91oyUaQErOLQ=
    dependencies:
      "@babel/helper-validator-identifier" "^7.12.11"
      to-fast-properties "^2.0.0"
  
  "@fullhuman/postcss-purgecss@^3.1.3":
    version "3.1.3"
    resolved "http://local.server42.ziel.cn:50100/repository/eyanpm/@fullhuman/postcss-purgecss/-/postcss-purgecss-3.1.3.tgz"
    integrity sha1-R697h8m/s95LyUo4+HW5KP/98zk=
    dependencies:
      purgecss "^3.1.3"
  
  "@koa/cors@^3.1.0":
    version "3.1.0"
    resolved "http://local.server42.ziel.cn:50100/repository/eyanpm/@koa/cors/-/cors-3.1.0.tgz"
    integrity sha1-YYuwc0OM/b0+vQ5kinbjO4Tzo7I=
    dependencies:
      vary "^1.1.2"
  
  "@nodelib/fs.scandir@2.1.4":
    version "2.1.4"
    resolved "http://local.server42.ziel.cn:50100/repository/eyanpm/@nodelib/fs.scandir/-/fs.scandir-2.1.4.tgz"
    integrity sha1-1LNUml213iaD4MEHGrTxQJBLv2k=
    dependencies:
      "@nodelib/fs.stat" "2.0.4"
      run-parallel "^1.1.9"
  
  "@nodelib/fs.stat@2.0.4", "@nodelib/fs.stat@^2.0.2":
    version "2.0.4"
    resolved "http://local.server42.ziel.cn:50100/repository/eyanpm/@nodelib/fs.stat/-/fs.stat-2.0.4.tgz"
    integrity sha1-o/LdYbq0O424+hCKEhz//kxnZlU=
  
  "@nodelib/fs.walk@^1.2.3":
    version "1.2.6"
    resolved "http://local.server42.ziel.cn:50100/repository/eyanpm/@nodelib/fs.walk/-/fs.walk-1.2.6.tgz"
    integrity sha1-zOk5azCqWv6eN1Zgj1gxrctT0GM=
    dependencies:
      "@nodelib/fs.scandir" "2.1.4"
      fastq "^1.6.0"
  
  "@rollup/plugin-commonjs@^16.0.0":
    version "16.0.0"
    resolved "http://local.server42.ziel.cn:50100/repository/eyanpm/@rollup/plugin-commonjs/-/plugin-commonjs-16.0.0.tgz"
    integrity sha1-FpAE1WzQ8KHQ81kV0xoDaw7+KB8=
    dependencies:
      "@rollup/pluginutils" "^3.1.0"
      commondir "^1.0.1"
      estree-walker "^2.0.1"
      glob "^7.1.6"
      is-reference "^1.2.1"
      magic-string "^0.25.7"
      resolve "^1.17.0"
  
  "@rollup/plugin-json@^4.1.0":
    version "4.1.0"
    resolved "http://local.server42.ziel.cn:50100/repository/eyanpm/@rollup/plugin-json/-/plugin-json-4.1.0.tgz"
    integrity sha1-VOCYZ65pY8WThE2L16nHGClElvM=
    dependencies:
      "@rollup/pluginutils" "^3.0.8"
  
  "@rollup/plugin-node-resolve@^10.0.0":
    version "10.0.0"
    resolved "http://local.server42.ziel.cn:50100/repository/eyanpm/@rollup/plugin-node-resolve/-/plugin-node-resolve-10.0.0.tgz"
    integrity sha1-RAZKK5jfdTDmas+JQf8mL8m06tg=
    dependencies:
      "@rollup/pluginutils" "^3.1.0"
      "@types/resolve" "1.17.1"
      builtin-modules "^3.1.0"
      deepmerge "^4.2.2"
      is-module "^1.0.0"
      resolve "^1.17.0"
  
  "@rollup/pluginutils@^3.0.8", "@rollup/pluginutils@^3.0.9", "@rollup/pluginutils@^3.1.0":
    version "3.1.0"
    resolved "http://local.server42.ziel.cn:50100/repository/eyanpm/@rollup/pluginutils/-/pluginutils-3.1.0.tgz"
    integrity sha1-cGtFJO5tyLEDs8mVUz5a1oDAK5s=
    dependencies:
      "@types/estree" "0.0.39"
      estree-walker "^1.0.1"
      picomatch "^2.2.2"
  
  "@rollup/pluginutils@^4.1.0":
    version "4.1.0"
    resolved "http://local.server42.ziel.cn:50100/repository/eyanpm/@rollup/pluginutils/-/pluginutils-4.1.0.tgz"
    integrity sha1-Dcxhx4DjkldVT+t/dyB9zsoTyDg=
    dependencies:
      estree-walker "^2.0.1"
      picomatch "^2.2.2"
  
  "@tailwindcss/forms@^0.3.2":
    version "0.3.2"
    resolved "http://local.server42.ziel.cn:50100/repository/eyanpm/@tailwindcss/forms/-/forms-0.3.2.tgz#e28c4514a53e69f725416a5a2a6d0f221683f069"
    integrity sha1-4oxFFKU+afclQWpaKm0PIhaD8Gk=
    dependencies:
      mini-svg-data-uri "^1.2.3"
  
  "@types/accepts@*":
    version "1.3.5"
    resolved "http://local.server42.ziel.cn:50100/repository/eyanpm/@types/accepts/-/accepts-1.3.5.tgz"
    integrity sha1-w0vsEVz8dG4E/loFnfTOfns5FXU=
    dependencies:
      "@types/node" "*"
  
  "@types/body-parser@*":
    version "1.19.0"
    resolved "http://local.server42.ziel.cn:50100/repository/eyanpm/@types/body-parser/-/body-parser-1.19.0.tgz"
    integrity sha1-BoWzxH6zAG/+0RfN1VFkth+AU48=
    dependencies:
      "@types/connect" "*"
      "@types/node" "*"
  
  "@types/connect@*":
    version "3.4.34"
    resolved "http://local.server42.ziel.cn:50100/repository/eyanpm/@types/connect/-/connect-3.4.34.tgz"
    integrity sha1-FwpAIjptZmAG2TyhKK8r6x2bGQE=
    dependencies:
      "@types/node" "*"
  
  "@types/content-disposition@*":
    version "0.5.3"
    resolved "http://local.server42.ziel.cn:50100/repository/eyanpm/@types/content-disposition/-/content-disposition-0.5.3.tgz"
    integrity sha1-CqEWcBlVwvqgcX/GnNFZYJXknZY=
  
  "@types/cookies@*":
    version "0.7.6"
    resolved "http://local.server42.ziel.cn:50100/repository/eyanpm/@types/cookies/-/cookies-0.7.6.tgz"
    integrity sha1-cSEsU5GpdtO65X1LCfrCD8a9pQQ=
    dependencies:
      "@types/connect" "*"
      "@types/express" "*"
      "@types/keygrip" "*"
      "@types/node" "*"
  
  "@types/estree@*":
    version "0.0.47"
    resolved "http://local.server42.ziel.cn:50100/repository/eyanpm/@types/estree/-/estree-0.0.47.tgz"
    integrity sha1-16Udsg8GUO/sJM0EmU9SPZMXLtQ=
  
  "@types/estree@0.0.39":
    version "0.0.39"
    resolved "http://local.server42.ziel.cn:50100/repository/eyanpm/@types/estree/-/estree-0.0.39.tgz"
    integrity sha1-4Xfmme4bjCLSMXTKqnQiZEOJUJ8=
  
  "@types/express-serve-static-core@^4.17.18":
    version "4.17.19"
    resolved "http://local.server42.ziel.cn:50100/repository/eyanpm/@types/express-serve-static-core/-/express-serve-static-core-4.17.19.tgz"
    integrity sha1-AKz8FjLnKaysTxUw6eFvbdFQih0=
    dependencies:
      "@types/node" "*"
      "@types/qs" "*"
      "@types/range-parser" "*"
  
  "@types/express@*":
    version "4.17.11"
    resolved "http://local.server42.ziel.cn:50100/repository/eyanpm/@types/express/-/express-4.17.11.tgz"
    integrity sha1-3r48qm+OX82pa0e9VOL0DE7llUU=
    dependencies:
      "@types/body-parser" "*"
      "@types/express-serve-static-core" "^4.17.18"
      "@types/qs" "*"
      "@types/serve-static" "*"
  
  "@types/http-assert@*":
    version "1.5.1"
    resolved "http://local.server42.ziel.cn:50100/repository/eyanpm/@types/http-assert/-/http-assert-1.5.1.tgz"
    integrity sha1-13XpNjDCRpwvmA/CfjFDJAM12zs=
  
  "@types/http-errors@*":
    version "1.8.0"
    resolved "http://local.server42.ziel.cn:50100/repository/eyanpm/@types/http-errors/-/http-errors-1.8.0.tgz"
    integrity sha1-aCR327vQfNAycxyzsOfq7j0Ca2k=
  
  "@types/http-proxy@^1.17.4":
    version "1.17.5"
    resolved "http://local.server42.ziel.cn:50100/repository/eyanpm/@types/http-proxy/-/http-proxy-1.17.5.tgz"
    integrity sha1-wgPF5uncaCDSekDrHlEccKIgQj0=
    dependencies:
      "@types/node" "*"
  
  "@types/keygrip@*":
    version "1.0.2"
    resolved "http://local.server42.ziel.cn:50100/repository/eyanpm/@types/keygrip/-/keygrip-1.0.2.tgz"
    integrity sha1-UTq/0lbXrQvx7hhzYGMXszsbKnI=
  
  "@types/koa-compose@*":
    version "3.2.5"
    resolved "http://local.server42.ziel.cn:50100/repository/eyanpm/@types/koa-compose/-/koa-compose-3.2.5.tgz"
    integrity sha1-hesugKxQvpXzfM+MQHwJu+NGjp0=
    dependencies:
      "@types/koa" "*"
  
  "@types/koa@*", "@types/koa@^2.11.4":
    version "2.13.1"
    resolved "http://local.server42.ziel.cn:50100/repository/eyanpm/@types/koa/-/koa-2.13.1.tgz"
    integrity sha1-4ph3prWtN0SrECT27HW4y/bsRds=
    dependencies:
      "@types/accepts" "*"
      "@types/content-disposition" "*"
      "@types/cookies" "*"
      "@types/http-assert" "*"
      "@types/http-errors" "*"
      "@types/keygrip" "*"
      "@types/koa-compose" "*"
      "@types/node" "*"
  
  "@types/lru-cache@^5.1.0":
    version "5.1.0"
    resolved "http://local.server42.ziel.cn:50100/repository/eyanpm/@types/lru-cache/-/lru-cache-5.1.0.tgz"
    integrity sha1-V/Io8rgMBGtKG9XKwDH4HyB/TwM=
  
  "@types/mime@^1":
    version "1.3.2"
    resolved "http://local.server42.ziel.cn:50100/repository/eyanpm/@types/mime/-/mime-1.3.2.tgz"
    integrity sha1-k+Jb+e51/g/YC1lLxP6w6GIRG1o=
  
  "@types/node@*":
    version "15.0.1"
    resolved "http://local.server42.ziel.cn:50100/repository/eyanpm/@types/node/-/node-15.0.1.tgz"
    integrity sha1-7zTeoIgQKNETmL5b9OhWdD49w1o=
  
  "@types/parse-json@^4.0.0":
    version "4.0.0"
    resolved "http://local.server42.ziel.cn:50100/repository/eyanpm/@types/parse-json/-/parse-json-4.0.0.tgz"
    integrity sha1-L4u0QUNNFjs1+4/9zNcTiSf/uMA=
  
  "@types/qs@*":
    version "6.9.6"
    resolved "http://local.server42.ziel.cn:50100/repository/eyanpm/@types/qs/-/qs-6.9.6.tgz"
    integrity sha1-35w8izGiR+wxXmmWVmvjFx30s7E=
  
  "@types/range-parser@*":
    version "1.2.3"
    resolved "http://local.server42.ziel.cn:50100/repository/eyanpm/@types/range-parser/-/range-parser-1.2.3.tgz"
    integrity sha1-fuMwunyq+5gJC+zoal7kQRWQTCw=
  
  "@types/resolve@1.17.1":
    version "1.17.1"
    resolved "http://local.server42.ziel.cn:50100/repository/eyanpm/@types/resolve/-/resolve-1.17.1.tgz"
    integrity sha1-Ov1q2JZ8d+Q3bFmKgt3Vj0bsRdY=
    dependencies:
      "@types/node" "*"
  
  "@types/serve-static@*":
    version "1.13.9"
    resolved "http://local.server42.ziel.cn:50100/repository/eyanpm/@types/serve-static/-/serve-static-1.13.9.tgz"
    integrity sha1-qs8oqFoF7imhH7fD6tk1rFbzPk4=
    dependencies:
      "@types/mime" "^1"
      "@types/node" "*"
  
  "@vue/compiler-core@3.0.11":
    version "3.0.11"
    resolved "http://local.server42.ziel.cn:50100/repository/eyanpm/@vue/compiler-core/-/compiler-core-3.0.11.tgz"
    integrity sha1-XvV55G17M2uHNSKHWNHCxQWq5po=
    dependencies:
      "@babel/parser" "^7.12.0"
      "@babel/types" "^7.12.0"
      "@vue/shared" "3.0.11"
      estree-walker "^2.0.1"
      source-map "^0.6.1"
  
  "@vue/compiler-dom@3.0.11", "@vue/compiler-dom@^3.0.3":
    version "3.0.11"
    resolved "http://local.server42.ziel.cn:50100/repository/eyanpm/@vue/compiler-dom/-/compiler-dom-3.0.11.tgz"
    integrity sha1-sV/ByQk3H9ZxdGAgulW12rSnMO4=
    dependencies:
      "@vue/compiler-core" "3.0.11"
      "@vue/shared" "3.0.11"
  
  "@vue/compiler-sfc@^3.0.3", "@vue/compiler-sfc@^3.0.4":
    version "3.0.11"
    resolved "http://local.server42.ziel.cn:50100/repository/eyanpm/@vue/compiler-sfc/-/compiler-sfc-3.0.11.tgz"
    integrity sha1-zYyiFUuIlntSH1rTsQ9fi2tmVnk=
    dependencies:
      "@babel/parser" "^7.13.9"
      "@babel/types" "^7.13.0"
      "@vue/compiler-core" "3.0.11"
      "@vue/compiler-dom" "3.0.11"
      "@vue/compiler-ssr" "3.0.11"
      "@vue/shared" "3.0.11"
      consolidate "^0.16.0"
      estree-walker "^2.0.1"
      hash-sum "^2.0.0"
      lru-cache "^5.1.1"
      magic-string "^0.25.7"
      merge-source-map "^1.1.0"
      postcss "^8.1.10"
      postcss-modules "^4.0.0"
      postcss-selector-parser "^6.0.4"
      source-map "^0.6.1"
  
  "@vue/compiler-ssr@3.0.11":
    version "3.0.11"
    resolved "http://local.server42.ziel.cn:50100/repository/eyanpm/@vue/compiler-ssr/-/compiler-ssr-3.0.11.tgz"
    integrity sha1-rFoF/RJXQS+mYHnII9ggO2qImhM=
    dependencies:
      "@vue/compiler-dom" "3.0.11"
      "@vue/shared" "3.0.11"
  
  "@vue/reactivity@3.0.11":
    version "3.0.11"
    resolved "http://local.server42.ziel.cn:50100/repository/eyanpm/@vue/reactivity/-/reactivity-3.0.11.tgz"
    integrity sha1-B7WINJ/QViaxfzUAy+99S9tNvQs=
    dependencies:
      "@vue/shared" "3.0.11"
  
  "@vue/runtime-core@3.0.11":
    version "3.0.11"
    resolved "http://local.server42.ziel.cn:50100/repository/eyanpm/@vue/runtime-core/-/runtime-core-3.0.11.tgz"
    integrity sha1-xS38as8yFUk2I1UsHCkZCAxWLkQ=
    dependencies:
      "@vue/reactivity" "3.0.11"
      "@vue/shared" "3.0.11"
  
  "@vue/runtime-dom@3.0.11":
    version "3.0.11"
    resolved "http://local.server42.ziel.cn:50100/repository/eyanpm/@vue/runtime-dom/-/runtime-dom-3.0.11.tgz"
    integrity sha1-elUt8hkHlCch/raWHEGOIippkzc=
    dependencies:
      "@vue/runtime-core" "3.0.11"
      "@vue/shared" "3.0.11"
      csstype "^2.6.8"
  
  "@vue/shared@3.0.11":
    version "3.0.11"
    resolved "http://local.server42.ziel.cn:50100/repository/eyanpm/@vue/shared/-/shared-3.0.11.tgz"
    integrity sha1-INIt0Np9NYuyHBf5vehigVJkLHc=
  
  accepts@^1.3.5:
    version "1.3.7"
    resolved "http://local.server42.ziel.cn:50100/repository/eyanpm/accepts/-/accepts-1.3.7.tgz"
    integrity sha1-UxvHJlF6OytB+FACHGzBXqq1B80=
    dependencies:
      mime-types "~2.1.24"
      negotiator "0.6.2"
  
  acorn-node@^1.6.1:
    version "1.8.2"
    resolved "http://local.server42.ziel.cn:50100/repository/eyanpm/acorn-node/-/acorn-node-1.8.2.tgz"
    integrity sha1-EUyV1kU55T3t4j3oudlt98euKvg=
    dependencies:
      acorn "^7.0.0"
      acorn-walk "^7.0.0"
      xtend "^4.0.2"
  
  acorn-walk@^7.0.0:
    version "7.2.0"
    resolved "http://local.server42.ziel.cn:50100/repository/eyanpm/acorn-walk/-/acorn-walk-7.2.0.tgz"
    integrity sha1-DeiJpgEgOQmw++B7iTjcIdLpZ7w=
  
  acorn@^7.0.0, acorn@^7.1.1:
    version "7.4.1"
    resolved "http://local.server42.ziel.cn:50100/repository/eyanpm/acorn/-/acorn-7.4.1.tgz"
    integrity sha1-/q7SVZc9LndVW4PbwIhRpsY1IPo=
  
  ansi-regex@^5.0.0:
    version "5.0.0"
    resolved "http://local.server42.ziel.cn:50100/repository/eyanpm/ansi-regex/-/ansi-regex-5.0.0.tgz"
    integrity sha1-OIU59VF5vzkznIGvMKZU1p+Hy3U=
  
  ansi-styles@^3.2.1:
    version "3.2.1"
    resolved "http://local.server42.ziel.cn:50100/repository/eyanpm/ansi-styles/-/ansi-styles-3.2.1.tgz"
    integrity sha1-QfuyAkPlCxK+DwS43tvwdSDOhB0=
    dependencies:
      color-convert "^1.9.0"
  
  ansi-styles@^4.1.0:
    version "4.3.0"
    resolved "http://local.server42.ziel.cn:50100/repository/eyanpm/ansi-styles/-/ansi-styles-4.3.0.tgz"
    integrity sha1-7dgDYornHATIWuegkG7a00tkiTc=
    dependencies:
      color-convert "^2.0.1"
  
  any-promise@^1.1.0:
    version "1.3.0"
    resolved "http://local.server42.ziel.cn:50100/repository/eyanpm/any-promise/-/any-promise-1.3.0.tgz"
    integrity sha1-q8av7tzqUugJzcA3au0845Y10X8=
  
  anymatch@~3.1.1:
    version "3.1.2"
    resolved "http://local.server42.ziel.cn:50100/repository/eyanpm/anymatch/-/anymatch-3.1.2.tgz"
    integrity sha1-wFV8CWrzLxBhmPT04qODU343hxY=
    dependencies:
      normalize-path "^3.0.0"
      picomatch "^2.0.4"
  
  array-union@^2.1.0:
    version "2.1.0"
    resolved "http://local.server42.ziel.cn:50100/repository/eyanpm/array-union/-/array-union-2.1.0.tgz"
    integrity sha1-t5hCCtvrHego2ErNii4j0+/oXo0=
  
  asap@~2.0.3:
    version "2.0.6"
    resolved "http://local.server42.ziel.cn:50100/repository/eyanpm/asap/-/asap-2.0.6.tgz"
    integrity sha1-5QNHYR1+aQlDIIu9r+vLwvuGbUY=
  
  assert-never@^1.2.1:
    version "1.2.1"
    resolved "http://local.server42.ziel.cn:50100/repository/eyanpm/assert-never/-/assert-never-1.2.1.tgz"
    integrity sha1-EfDjY78UYgX7CBk7XHuQ9NHPRP4=
  
  at-least-node@^1.0.0:
    version "1.0.0"
    resolved "http://local.server42.ziel.cn:50100/repository/eyanpm/at-least-node/-/at-least-node-1.0.0.tgz"
    integrity sha1-YCzUtG6EStTv/JKoARo8RuAjjcI=
  
  autoprefixer@^10.2.5:
    version "10.2.5"
    resolved "http://local.server42.ziel.cn:50100/repository/eyanpm/autoprefixer/-/autoprefixer-10.2.5.tgz"
    integrity sha1-CWoDN9vJbAhzUm1/713kQo0FOC0=
    dependencies:
      browserslist "^4.16.3"
      caniuse-lite "^1.0.30001196"
      colorette "^1.2.2"
      fraction.js "^4.0.13"
      normalize-range "^0.1.2"
      postcss-value-parser "^4.1.0"
  
  babel-walk@3.0.0-canary-5:
    version "3.0.0-canary-5"
    resolved "http://local.server42.ziel.cn:50100/repository/eyanpm/babel-walk/-/babel-walk-3.0.0-canary-5.tgz"
    integrity sha1-9m7Ncpg1eu5ElV8jWm71QhkQSxE=
    dependencies:
      "@babel/types" "^7.9.6"
  
  balanced-match@^1.0.0:
    version "1.0.2"
    resolved "http://local.server42.ziel.cn:50100/repository/eyanpm/balanced-match/-/balanced-match-1.0.2.tgz"
    integrity sha1-6D46fj8wCzTLnYf2FfoMvzV2kO4=
  
  base64-js@^1.3.1:
    version "1.5.1"
    resolved "http://local.server42.ziel.cn:50100/repository/eyanpm/base64-js/-/base64-js-1.5.1.tgz"
    integrity sha1-GxtEAWClv3rUC2UPCVljSBkDkwo=
  
  big.js@^5.2.2:
    version "5.2.2"
    resolved "http://local.server42.ziel.cn:50100/repository/eyanpm/big.js/-/big.js-5.2.2.tgz"
    integrity sha1-ZfCvOC9Xi83HQr2cKB6cstd2gyg=
  
  binary-extensions@^2.0.0:
    version "2.2.0"
    resolved "http://local.server42.ziel.cn:50100/repository/eyanpm/binary-extensions/-/binary-extensions-2.2.0.tgz"
    integrity sha1-dfUC7q+f/eQvyYgpZFvk6na9ni0=
  
  bl@^4.1.0:
    version "4.1.0"
    resolved "http://local.server42.ziel.cn:50100/repository/eyanpm/bl/-/bl-4.1.0.tgz"
    integrity sha1-RRU1JkGCvsL7vIOmKrmM8R2fezo=
    dependencies:
      buffer "^5.5.0"
      inherits "^2.0.4"
      readable-stream "^3.4.0"
  
  bluebird@^3.7.2:
    version "3.7.2"
    resolved "http://local.server42.ziel.cn:50100/repository/eyanpm/bluebird/-/bluebird-3.7.2.tgz"
    integrity sha1-nyKcFb4nJFT/qXOs4NvueaGww28=
  
  brace-expansion@^1.1.7:
    version "1.1.11"
    resolved "http://local.server42.ziel.cn:50100/repository/eyanpm/brace-expansion/-/brace-expansion-1.1.11.tgz"
    integrity sha1-PH/L9SnYcibz0vUrlm/1Jx60Qd0=
    dependencies:
      balanced-match "^1.0.0"
      concat-map "0.0.1"
  
  braces@^3.0.1, braces@~3.0.2:
    version "3.0.2"
    resolved "http://local.server42.ziel.cn:50100/repository/eyanpm/braces/-/braces-3.0.2.tgz"
    integrity sha1-NFThpGLujVmeI23zNs2epPiv4Qc=
    dependencies:
      fill-range "^7.0.1"
  
  brotli-size@^4.0.0:
    version "4.0.0"
    resolved "http://local.server42.ziel.cn:50100/repository/eyanpm/brotli-size/-/brotli-size-4.0.0.tgz"
    integrity sha1-oF7j+q08DnAKLy2oJrprTXbmnl4=
    dependencies:
      duplexer "0.1.1"
  
  browserslist@^4.16.3:
    version "4.16.5"
    resolved "http://local.server42.ziel.cn:50100/repository/eyanpm/browserslist/-/browserslist-4.16.5.tgz"
    integrity sha1-lSglRAvKiRPGLQAhM0y+ko7wYq4=
    dependencies:
      caniuse-lite "^1.0.30001214"
      colorette "^1.2.2"
      electron-to-chromium "^1.3.719"
      escalade "^3.1.1"
      node-releases "^1.1.71"
  
  buffer-from@^1.0.0:
    version "1.1.1"
    resolved "http://local.server42.ziel.cn:50100/repository/eyanpm/buffer-from/-/buffer-from-1.1.1.tgz"
    integrity sha1-MnE7wCj3XAL9txDXx7zsHyxgcO8=
  
  buffer@^5.5.0:
    version "5.7.1"
    resolved "http://local.server42.ziel.cn:50100/repository/eyanpm/buffer/-/buffer-5.7.1.tgz"
    integrity sha1-umLnwTEzBTWCGXFghRqPZI6Z7tA=
    dependencies:
      base64-js "^1.3.1"
      ieee754 "^1.1.13"
  
  builtin-modules@^1.1.1:
    version "1.1.1"
    resolved "http://local.server42.ziel.cn:50100/repository/eyanpm/builtin-modules/-/builtin-modules-1.1.1.tgz"
    integrity sha1-Jw8HbFpywC9bZaR9+Uxf46J4iS8=
  
  builtin-modules@^3.1.0:
    version "3.2.0"
    resolved "http://local.server42.ziel.cn:50100/repository/eyanpm/builtin-modules/-/builtin-modules-3.2.0.tgz"
    integrity sha1-RdXbmefuXmvE82LgCL+RerUEmIc=
  
  bytes@^3.0.0:
    version "3.1.0"
    resolved "http://local.server42.ziel.cn:50100/repository/eyanpm/bytes/-/bytes-3.1.0.tgz"
    integrity sha1-9s95M6Ng4FiPqf3oVlHNx/gF0fY=
  
  cac@^6.6.1:
    version "6.7.3"
    resolved "http://local.server42.ziel.cn:50100/repository/eyanpm/cac/-/cac-6.7.3.tgz"
    integrity sha1-EEELhhFneZDMLjyLV21HHB1xt2g=
  
  cache-content-type@^1.0.0:
    version "1.0.1"
    resolved "http://local.server42.ziel.cn:50100/repository/eyanpm/cache-content-type/-/cache-content-type-1.0.1.tgz"
    integrity sha1-A1zeKwjuISn0qDFeqPAKANuhRTw=
    dependencies:
      mime-types "^2.1.18"
      ylru "^1.2.0"
  
  call-bind@^1.0.2:
    version "1.0.2"
    resolved "http://local.server42.ziel.cn:50100/repository/eyanpm/call-bind/-/call-bind-1.0.2.tgz"
    integrity sha1-sdTonmiBGcPJqQOtMKuy9qkZvjw=
    dependencies:
      function-bind "^1.1.1"
      get-intrinsic "^1.0.2"
  
  callsites@^3.0.0:
    version "3.1.0"
    resolved "http://local.server42.ziel.cn:50100/repository/eyanpm/callsites/-/callsites-3.1.0.tgz"
    integrity sha1-s2MKvYlDQy9Us/BRkjjjPNffL3M=
  
  camelcase-css@^2.0.1:
    version "2.0.1"
    resolved "http://local.server42.ziel.cn:50100/repository/eyanpm/camelcase-css/-/camelcase-css-2.0.1.tgz"
    integrity sha1-7pePaUeRTMMMa0R0G27R338EP9U=
  
  caniuse-lite@^1.0.30001196, caniuse-lite@^1.0.30001214:
    version "1.0.30001219"
    resolved "http://local.server42.ziel.cn:50100/repository/eyanpm/caniuse-lite/-/caniuse-lite-1.0.30001219.tgz"
    integrity sha1-W/pdBRn0H5k2GL0xj2BqTEwWFWs=
  
  chalk@^2.0.0, chalk@^2.4.1, chalk@^2.4.2:
    version "2.4.2"
    resolved "http://local.server42.ziel.cn:50100/repository/eyanpm/chalk/-/chalk-2.4.2.tgz"
    integrity sha1-zUJUFnelQzPPVBpJEIwUMrRMlCQ=
    dependencies:
      ansi-styles "^3.2.1"
      escape-string-regexp "^1.0.5"
      supports-color "^5.3.0"
  
  chalk@^4.1.0:
    version "4.1.1"
    resolved "http://local.server42.ziel.cn:50100/repository/eyanpm/chalk/-/chalk-4.1.1.tgz"
    integrity sha1-yAs/qyi/Y3HmhjMl7uZ+YYt35q0=
    dependencies:
      ansi-styles "^4.1.0"
      supports-color "^7.1.0"
  
  character-parser@^2.2.0:
    version "2.2.0"
    resolved "http://local.server42.ziel.cn:50100/repository/eyanpm/character-parser/-/character-parser-2.2.0.tgz"
    integrity sha1-x84o821LzZdE5f/CxfzeHHMmH8A=
    dependencies:
      is-regex "^1.0.3"
  
  chokidar@^3.4.2, chokidar@^3.5.1:
    version "3.5.1"
    resolved "http://local.server42.ziel.cn:50100/repository/eyanpm/chokidar/-/chokidar-3.5.1.tgz"
    integrity sha1-7pznu+vSt59J8wR5nVRo4x4U5oo=
    dependencies:
      anymatch "~3.1.1"
      braces "~3.0.2"
      glob-parent "~5.1.0"
      is-binary-path "~2.1.0"
      is-glob "~4.0.1"
      normalize-path "~3.0.0"
      readdirp "~3.5.0"
    optionalDependencies:
      fsevents "~2.3.1"
  
  clean-css@^4.2.3:
    version "4.2.3"
    resolved "http://local.server42.ziel.cn:50100/repository/eyanpm/clean-css/-/clean-css-4.2.3.tgz"
    integrity sha1-UHtd59l7SO5T2ErbAWD/YhY4D3g=
    dependencies:
      source-map "~0.6.0"
  
  cli-cursor@^3.1.0:
    version "3.1.0"
    resolved "http://local.server42.ziel.cn:50100/repository/eyanpm/cli-cursor/-/cli-cursor-3.1.0.tgz"
    integrity sha1-JkMFp65JDR0Dvwybp8kl0XU68wc=
    dependencies:
      restore-cursor "^3.1.0"
  
  cli-spinners@^2.5.0:
    version "2.6.0"
    resolved "http://local.server42.ziel.cn:50100/repository/eyanpm/cli-spinners/-/cli-spinners-2.6.0.tgz"
    integrity sha1-NsfcmPtqmna9YjjsP3fiQlYn6Tk=
  
  clone@^1.0.2:
    version "1.0.4"
    resolved "http://local.server42.ziel.cn:50100/repository/eyanpm/clone/-/clone-1.0.4.tgz"
    integrity sha1-2jCcwmPfFZlMaIypAheco8fNfH4=
  
  co@^4.6.0:
    version "4.6.0"
    resolved "http://local.server42.ziel.cn:50100/repository/eyanpm/co/-/co-4.6.0.tgz"
    integrity sha1-bqa989hTrlTMuOR7+gvz+QMfsYQ=
  
  color-convert@^1.9.0, color-convert@^1.9.1:
    version "1.9.3"
    resolved "http://local.server42.ziel.cn:50100/repository/eyanpm/color-convert/-/color-convert-1.9.3.tgz"
    integrity sha1-u3GFBpDh8TZWfeYp0tVHHe2kweg=
    dependencies:
      color-name "1.1.3"
  
  color-convert@^2.0.1:
    version "2.0.1"
    resolved "http://local.server42.ziel.cn:50100/repository/eyanpm/color-convert/-/color-convert-2.0.1.tgz"
    integrity sha1-ctOmjVmMm9s68q0ehPIdiWq9TeM=
    dependencies:
      color-name "~1.1.4"
  
  color-name@1.1.3:
    version "1.1.3"
    resolved "http://local.server42.ziel.cn:50100/repository/eyanpm/color-name/-/color-name-1.1.3.tgz"
    integrity sha1-p9BVi9icQveV3UIyj3QIMcpTvCU=
  
  color-name@^1.0.0, color-name@~1.1.4:
    version "1.1.4"
    resolved "http://local.server42.ziel.cn:50100/repository/eyanpm/color-name/-/color-name-1.1.4.tgz"
    integrity sha1-wqCah6y95pVD3m9j+jmVyCbFNqI=
  
  color-string@^1.5.4:
    version "1.5.5"
    resolved "http://local.server42.ziel.cn:50100/repository/eyanpm/color-string/-/color-string-1.5.5.tgz"
    integrity sha1-ZUdKjw50OWJfPSemoZ2J/EUiMBQ=
    dependencies:
      color-name "^1.0.0"
      simple-swizzle "^0.2.2"
  
  color@^3.1.3:
    version "3.1.3"
    resolved "http://local.server42.ziel.cn:50100/repository/eyanpm/color/-/color-3.1.3.tgz"
    integrity sha1-ymf7TnuX1hHc3jns7tQiBn2RWW4=
    dependencies:
      color-convert "^1.9.1"
      color-string "^1.5.4"
  
  colorette@^1.2.2:
    version "1.2.2"
    resolved "http://local.server42.ziel.cn:50100/repository/eyanpm/colorette/-/colorette-1.2.2.tgz"
    integrity sha1-y8x51emcrqLb8Q6zom/Ys+as+pQ=
  
  commander@^2.20.0:
    version "2.20.3"
    resolved "http://local.server42.ziel.cn:50100/repository/eyanpm/commander/-/commander-2.20.3.tgz"
    integrity sha1-/UhehMA+tIgcIHIrpIA16FMa6zM=
  
  commander@^6.0.0:
    version "6.2.1"
    resolved "http://local.server42.ziel.cn:50100/repository/eyanpm/commander/-/commander-6.2.1.tgz"
    integrity sha1-B5LraC37wyWZm7K4T93duhEKxzw=
  
  commondir@^1.0.1:
    version "1.0.1"
    resolved "http://local.server42.ziel.cn:50100/repository/eyanpm/commondir/-/commondir-1.0.1.tgz"
    integrity sha1-3dgA2gxmEnOTzKWVDqloo6rxJTs=
  
  concat-map@0.0.1:
    version "0.0.1"
    resolved "http://local.server42.ziel.cn:50100/repository/eyanpm/concat-map/-/concat-map-0.0.1.tgz"
    integrity sha1-2Klr13/Wjfd5OnMDajug1UBdR3s=
  
  consolidate@^0.16.0:
    version "0.16.0"
    resolved "http://local.server42.ziel.cn:50100/repository/eyanpm/consolidate/-/consolidate-0.16.0.tgz"
    integrity sha1-oRhkdokw8vGUMWYKZZBmaPX73BY=
    dependencies:
      bluebird "^3.7.2"
  
  constantinople@^4.0.1:
    version "4.0.1"
    resolved "http://local.server42.ziel.cn:50100/repository/eyanpm/constantinople/-/constantinople-4.0.1.tgz"
    integrity sha1-De8RP6Dk3I3oMzGlz3nIsyUhMVE=
    dependencies:
      "@babel/parser" "^7.6.0"
      "@babel/types" "^7.6.1"
  
  content-disposition@~0.5.2:
    version "0.5.3"
    resolved "http://local.server42.ziel.cn:50100/repository/eyanpm/content-disposition/-/content-disposition-0.5.3.tgz"
    integrity sha1-4TDK9+cnkIfFYWwgB9BIVpiYT70=
    dependencies:
      safe-buffer "5.1.2"
  
  content-type@^1.0.4:
    version "1.0.4"
    resolved "http://local.server42.ziel.cn:50100/repository/eyanpm/content-type/-/content-type-1.0.4.tgz"
    integrity sha1-4TjMdeBAxyexlm/l5fjJruJW/js=
  
  cookies@~0.8.0:
    version "0.8.0"
    resolved "http://local.server42.ziel.cn:50100/repository/eyanpm/cookies/-/cookies-0.8.0.tgz"
    integrity sha1-EpPOSzkXQKhAbjyYcOgoxLVPP5A=
    dependencies:
      depd "~2.0.0"
      keygrip "~1.1.0"
  
  cosmiconfig@^7.0.0:
    version "7.0.0"
    resolved "http://local.server42.ziel.cn:50100/repository/eyanpm/cosmiconfig/-/cosmiconfig-7.0.0.tgz"
    integrity sha1-75tE13OVnK5j3ezRIt4jhTtg+NM=
    dependencies:
      "@types/parse-json" "^4.0.0"
      import-fresh "^3.2.1"
      parse-json "^5.0.0"
      path-type "^4.0.0"
      yaml "^1.10.0"
  
  cross-spawn@^7.0.0:
    version "7.0.3"
    resolved "http://local.server42.ziel.cn:50100/repository/eyanpm/cross-spawn/-/cross-spawn-7.0.3.tgz"
    integrity sha1-9zqFudXUHQRVUcF34ogtSshXKKY=
    dependencies:
      path-key "^3.1.0"
      shebang-command "^2.0.0"
      which "^2.0.1"
  
  css-unit-converter@^1.1.1:
    version "1.1.2"
    resolved "http://local.server42.ziel.cn:50100/repository/eyanpm/css-unit-converter/-/css-unit-converter-1.1.2.tgz"
    integrity sha1-THf1oZVObb/2BpXsshTjJwQ2qyE=
  
  cssesc@^3.0.0:
    version "3.0.0"
    resolved "http://local.server42.ziel.cn:50100/repository/eyanpm/cssesc/-/cssesc-3.0.0.tgz"
    integrity sha1-N3QZGZA7hoVl4cCep0dEXNGJg+4=
  
  csstype@^2.6.8:
    version "2.6.17"
    resolved "http://local.server42.ziel.cn:50100/repository/eyanpm/csstype/-/csstype-2.6.17.tgz"
    integrity sha1-TPMOuH4dGgBdi2UQ+VKSQT9qHA4=
  
  debug@^3.1.0:
    version "3.2.7"
    resolved "http://local.server42.ziel.cn:50100/repository/eyanpm/debug/-/debug-3.2.7.tgz"
    integrity sha1-clgLfpFF+zm2Z2+cXl+xALk0F5o=
    dependencies:
      ms "^2.1.1"
  
  debug@^4.1.1, debug@^4.3.1:
    version "4.3.1"
    resolved "http://local.server42.ziel.cn:50100/repository/eyanpm/debug/-/debug-4.3.1.tgz"
    integrity sha1-8NIpxQXgxtjEmsVT0bE9wYP2su4=
    dependencies:
      ms "2.1.2"
  
  debug@~3.1.0:
    version "3.1.0"
    resolved "http://local.server42.ziel.cn:50100/repository/eyanpm/debug/-/debug-3.1.0.tgz"
    integrity sha1-W7WgZyYotkFJVmuhaBnmFRjGcmE=
    dependencies:
      ms "2.0.0"
  
  deep-equal@~1.0.1:
    version "1.0.1"
    resolved "http://local.server42.ziel.cn:50100/repository/eyanpm/deep-equal/-/deep-equal-1.0.1.tgz"
    integrity sha1-9dJgKStmDghO/0zbyfCK0yR0SLU=
  
  deepmerge@^4.2.2:
    version "4.2.2"
    resolved "http://local.server42.ziel.cn:50100/repository/eyanpm/deepmerge/-/deepmerge-4.2.2.tgz"
    integrity sha1-RNLqNnm49NT/ujPwPYZfwee/SVU=
  
  defaults@^1.0.3:
    version "1.0.3"
    resolved "http://local.server42.ziel.cn:50100/repository/eyanpm/defaults/-/defaults-1.0.3.tgz"
    integrity sha1-xlYFHpgX2f8I7YgUd/P+QBnz730=
    dependencies:
      clone "^1.0.2"
  
  defined@^1.0.0:
    version "1.0.0"
    resolved "http://local.server42.ziel.cn:50100/repository/eyanpm/defined/-/defined-1.0.0.tgz"
    integrity sha1-yY2bzvdWdBiOEQlpFRGZ45sfppM=
  
  delegates@^1.0.0:
    version "1.0.0"
    resolved "http://local.server42.ziel.cn:50100/repository/eyanpm/delegates/-/delegates-1.0.0.tgz"
    integrity sha1-hMbhWbgZBP3KWaDvRM2HDTElD5o=
  
  depd@^2.0.0, depd@~2.0.0:
    version "2.0.0"
    resolved "http://local.server42.ziel.cn:50100/repository/eyanpm/depd/-/depd-2.0.0.tgz"
    integrity sha1-tpYWPMdXVg0JzyLMj60Vcbeedt8=
  
  depd@~1.1.2:
    version "1.1.2"
    resolved "http://local.server42.ziel.cn:50100/repository/eyanpm/depd/-/depd-1.1.2.tgz"
    integrity sha1-m81S4UwJd2PnSbJ0xDRu0uVgtak=
  
  destroy@^1.0.4:
    version "1.0.4"
    resolved "http://local.server42.ziel.cn:50100/repository/eyanpm/destroy/-/destroy-1.0.4.tgz"
    integrity sha1-l4hXRCxEdJ5CBmE+N5RiBYJqvYA=
  
  detective@^5.2.0:
    version "5.2.0"
    resolved "http://local.server42.ziel.cn:50100/repository/eyanpm/detective/-/detective-5.2.0.tgz"
    integrity sha1-/rKnfoW5BOzepFmtiXzJCpm9Kns=
    dependencies:
      acorn-node "^1.6.1"
      defined "^1.0.0"
      minimist "^1.1.1"
  
  didyoumean@^1.2.1:
    version "1.2.1"
    resolved "http://local.server42.ziel.cn:50100/repository/eyanpm/didyoumean/-/didyoumean-1.2.1.tgz"
    integrity sha1-6S7f2tplN9SE1zwBcv0eugxJdv8=
  
  dir-glob@^3.0.1:
    version "3.0.1"
    resolved "http://local.server42.ziel.cn:50100/repository/eyanpm/dir-glob/-/dir-glob-3.0.1.tgz"
    integrity sha1-Vtv3PZkqSpO6FYT0U0Bj/S5BcX8=
    dependencies:
      path-type "^4.0.0"
  
  dlv@^1.1.3:
    version "1.1.3"
    resolved "http://local.server42.ziel.cn:50100/repository/eyanpm/dlv/-/dlv-1.1.3.tgz"
    integrity sha1-XBmKihFFNZbnUUlNSYdLx3MvLnk=
  
  doctypes@^1.1.0:
    version "1.1.0"
    resolved "http://local.server42.ziel.cn:50100/repository/eyanpm/doctypes/-/doctypes-1.1.0.tgz"
    integrity sha1-6oCxBqh1OHdOijpKWv4pPeSJ4Kk=
  
  dotenv-expand@^5.1.0:
    version "5.1.0"
    resolved "http://local.server42.ziel.cn:50100/repository/eyanpm/dotenv-expand/-/dotenv-expand-5.1.0.tgz"
    integrity sha1-P7rwIL/XlIhAcuomsel5HUWmKfA=
  
  dotenv@^8.2.0:
    version "8.2.0"
    resolved "http://local.server42.ziel.cn:50100/repository/eyanpm/dotenv/-/dotenv-8.2.0.tgz"
    integrity sha1-l+YZJZradQ7qPk6j4mvO6lQksWo=
  
  duplexer@0.1.1:
    version "0.1.1"
    resolved "http://local.server42.ziel.cn:50100/repository/eyanpm/duplexer/-/duplexer-0.1.1.tgz"
    integrity sha1-rOb/gIwc5mtX0ev5eXessCM0z8E=
  
  ee-first@1.1.1:
    version "1.1.1"
    resolved "http://local.server42.ziel.cn:50100/repository/eyanpm/ee-first/-/ee-first-1.1.1.tgz"
    integrity sha1-WQxhFWsK4vTwJVcyoViyZrxWsh0=
  
  electron-to-chromium@^1.3.719:
    version "1.3.723"
    resolved "http://local.server42.ziel.cn:50100/repository/eyanpm/electron-to-chromium/-/electron-to-chromium-1.3.723.tgz"
    integrity sha1-UnaadWNTQqTbKa9fHkC9Pa0CyHc=
  
  emojis-list@^3.0.0:
    version "3.0.0"
    resolved "http://local.server42.ziel.cn:50100/repository/eyanpm/emojis-list/-/emojis-list-3.0.0.tgz"
    integrity sha1-VXBmIEatKeLpFucariYKvf9Pang=
  
  encodeurl@^1.0.2:
    version "1.0.2"
    resolved "http://local.server42.ziel.cn:50100/repository/eyanpm/encodeurl/-/encodeurl-1.0.2.tgz"
    integrity sha1-rT/0yG7C0CkyL1oCw6mmBslbP1k=
  
  end-of-stream@^1.1.0:
    version "1.4.4"
    resolved "http://local.server42.ziel.cn:50100/repository/eyanpm/end-of-stream/-/end-of-stream-1.4.4.tgz"
    integrity sha1-WuZKX0UFe682JuwU2gyl5LJDHrA=
    dependencies:
      once "^1.4.0"
  
  error-ex@^1.3.1:
    version "1.3.2"
    resolved "http://local.server42.ziel.cn:50100/repository/eyanpm/error-ex/-/error-ex-1.3.2.tgz"
    integrity sha1-tKxAZIEH/c3PriQvQovqihTU8b8=
    dependencies:
      is-arrayish "^0.2.1"
  
  es-module-lexer@^0.3.25:
    version "0.3.26"
    resolved "http://local.server42.ziel.cn:50100/repository/eyanpm/es-module-lexer/-/es-module-lexer-0.3.26.tgz"
    integrity sha1-e1BwROl9WwOwHUOSx0/+ucF3qDs=
  
  esbuild@^0.8.12:
    version "0.8.57"
    resolved "http://local.server42.ziel.cn:50100/repository/eyanpm/esbuild/-/esbuild-0.8.57.tgz"
    integrity sha1-pC0CvCtXxwvNDviX/iRHZrtt2SY=
  
  escalade@^3.1.1:
    version "3.1.1"
    resolved "http://local.server42.ziel.cn:50100/repository/eyanpm/escalade/-/escalade-3.1.1.tgz"
    integrity sha1-2M/ccACWXFoBdLSoLqpcBVJ0LkA=
  
  escape-html@^1.0.3:
    version "1.0.3"
    resolved "http://local.server42.ziel.cn:50100/repository/eyanpm/escape-html/-/escape-html-1.0.3.tgz"
    integrity sha1-Aljq5NPQwJdN4cFpGI7wBR0dGYg=
  
  escape-string-regexp@^1.0.5:
    version "1.0.5"
    resolved "http://local.server42.ziel.cn:50100/repository/eyanpm/escape-string-regexp/-/escape-string-regexp-1.0.5.tgz"
    integrity sha1-G2HAViGQqN/2rjuyzwIAyhMLhtQ=
  
  estree-walker@^0.6.1:
    version "0.6.1"
    resolved "http://local.server42.ziel.cn:50100/repository/eyanpm/estree-walker/-/estree-walker-0.6.1.tgz"
    integrity sha1-UwSRQ/QMbrkYsjZx0f4yGfOhs2I=
  
  estree-walker@^1.0.1:
    version "1.0.1"
    resolved "http://local.server42.ziel.cn:50100/repository/eyanpm/estree-walker/-/estree-walker-1.0.1.tgz"
    integrity sha1-MbxdYSyWtwQQa0d+bdXYqhOMtwA=
  
  estree-walker@^2.0.1:
    version "2.0.2"
    resolved "http://local.server42.ziel.cn:50100/repository/eyanpm/estree-walker/-/estree-walker-2.0.2.tgz"
    integrity sha1-UvAQF4wqTBF6d1fP6UKtt9LaTKw=
  
  etag@^1.8.1:
    version "1.8.1"
    resolved "http://local.server42.ziel.cn:50100/repository/eyanpm/etag/-/etag-1.8.1.tgz"
    integrity sha1-Qa4u62XvpiJorr/qg6x9eSmbCIc=
  
  eventemitter3@^4.0.0:
    version "4.0.7"
    resolved "http://local.server42.ziel.cn:50100/repository/eyanpm/eventemitter3/-/eventemitter3-4.0.7.tgz"
    integrity sha1-Lem2j2Uo1WRO9cWVJqG0oHMGFp8=
  
  execa@^4.0.3:
    version "4.1.0"
    resolved "http://local.server42.ziel.cn:50100/repository/eyanpm/execa/-/execa-4.1.0.tgz"
    integrity sha1-TlSRrRVy8vF6d9OIxshXE1sihHo=
    dependencies:
      cross-spawn "^7.0.0"
      get-stream "^5.0.0"
      human-signals "^1.1.1"
      is-stream "^2.0.0"
      merge-stream "^2.0.0"
      npm-run-path "^4.0.0"
      onetime "^5.1.0"
      signal-exit "^3.0.2"
      strip-final-newline "^2.0.0"
  
  fast-glob@^3.1.1, fast-glob@^3.2.5:
    version "3.2.5"
    resolved "http://local.server42.ziel.cn:50100/repository/eyanpm/fast-glob/-/fast-glob-3.2.5.tgz"
    integrity sha1-eTmvKmVt55pPGQGQPuityqfLlmE=
    dependencies:
      "@nodelib/fs.stat" "^2.0.2"
      "@nodelib/fs.walk" "^1.2.3"
      glob-parent "^5.1.0"
      merge2 "^1.3.0"
      micromatch "^4.0.2"
      picomatch "^2.2.1"
  
  fastq@^1.6.0:
    version "1.11.0"
    resolved "http://local.server42.ziel.cn:50100/repository/eyanpm/fastq/-/fastq-1.11.0.tgz"
    integrity sha1-u5+5VaBxMKkY62PB9RYcwypdCFg=
    dependencies:
      reusify "^1.0.4"
  
  fill-range@^7.0.1:
    version "7.0.1"
    resolved "http://local.server42.ziel.cn:50100/repository/eyanpm/fill-range/-/fill-range-7.0.1.tgz"
    integrity sha1-GRmmp8df44ssfHflGYU12prN2kA=
    dependencies:
      to-regex-range "^5.0.1"
  
  follow-redirects@^1.0.0:
    version "1.14.0"
    resolved "http://local.server42.ziel.cn:50100/repository/eyanpm/follow-redirects/-/follow-redirects-1.14.0.tgz"
    integrity sha1-9dJg+VxfjBBYlEkf7uXciZO0Av4=
  
  fraction.js@^4.0.13:
    version "4.0.13"
    resolved "http://local.server42.ziel.cn:50100/repository/eyanpm/fraction.js/-/fraction.js-4.0.13.tgz"
    integrity sha1-PBwxX6FrNchf/6lXJaNvpynGnf4=
  
  fresh@~0.5.2:
    version "0.5.2"
    resolved "http://local.server42.ziel.cn:50100/repository/eyanpm/fresh/-/fresh-0.5.2.tgz"
    integrity sha1-PYyt2Q2XZWn6g1qx+OSyOhBWBac=
  
  fs-extra@^9.0.1, fs-extra@^9.1.0:
    version "9.1.0"
    resolved "http://local.server42.ziel.cn:50100/repository/eyanpm/fs-extra/-/fs-extra-9.1.0.tgz"
    integrity sha1-WVRGDHZKjaIJS6NVS/g55rmnyG0=
    dependencies:
      at-least-node "^1.0.0"
      graceful-fs "^4.2.0"
      jsonfile "^6.0.1"
      universalify "^2.0.0"
  
  fs.realpath@^1.0.0:
    version "1.0.0"
    resolved "http://local.server42.ziel.cn:50100/repository/eyanpm/fs.realpath/-/fs.realpath-1.0.0.tgz"
    integrity sha1-FQStJSMVjKpA20onh8sBQRmU6k8=
  
  fsevents@~2.3.1:
    version "2.3.2"
    resolved "http://local.server42.ziel.cn:50100/repository/eyanpm/fsevents/-/fsevents-2.3.2.tgz"
    integrity sha1-ilJveLj99GI7cJ4Ll1xSwkwC/Ro=
  
  function-bind@^1.1.1:
    version "1.1.1"
    resolved "http://local.server42.ziel.cn:50100/repository/eyanpm/function-bind/-/function-bind-1.1.1.tgz"
    integrity sha1-pWiZ0+o8m6uHS7l3O3xe3pL0iV0=
  
  generic-names@^2.0.1:
    version "2.0.1"
    resolved "http://local.server42.ziel.cn:50100/repository/eyanpm/generic-names/-/generic-names-2.0.1.tgz"
    integrity sha1-+KN46tLMqno08DF7BVVIMq5BuHI=
    dependencies:
      loader-utils "^1.1.0"
  
  get-intrinsic@^1.0.2:
    version "1.1.1"
    resolved "http://local.server42.ziel.cn:50100/repository/eyanpm/get-intrinsic/-/get-intrinsic-1.1.1.tgz"
    integrity sha1-FfWfN2+FXERpY5SPDSTNNje0q8Y=
    dependencies:
      function-bind "^1.1.1"
      has "^1.0.3"
      has-symbols "^1.0.1"
  
  get-stream@^5.0.0:
    version "5.2.0"
    resolved "http://local.server42.ziel.cn:50100/repository/eyanpm/get-stream/-/get-stream-5.2.0.tgz"
    integrity sha1-SWaheV7lrOZecGxLe+txJX1uItM=
    dependencies:
      pump "^3.0.0"
  
  glob-base@^0.3.0:
    version "0.3.0"
    resolved "http://local.server42.ziel.cn:50100/repository/eyanpm/glob-base/-/glob-base-0.3.0.tgz"
    integrity sha1-27Fk9iIbHAscz4Kuoyi0l98Oo8Q=
    dependencies:
      glob-parent "^2.0.0"
      is-glob "^2.0.0"
  
  glob-parent@^2.0.0:
    version "2.0.0"
    resolved "http://local.server42.ziel.cn:50100/repository/eyanpm/glob-parent/-/glob-parent-2.0.0.tgz"
    integrity sha1-gTg9ctsFT8zPUzbaqQLxgvbtuyg=
    dependencies:
      is-glob "^2.0.0"
  
  glob-parent@^5.1.0, glob-parent@~5.1.0:
    version "5.1.2"
    resolved "http://local.server42.ziel.cn:50100/repository/eyanpm/glob-parent/-/glob-parent-5.1.2.tgz"
    integrity sha1-hpgyxYA0/mikCTwX3BXoNA2EAcQ=
    dependencies:
      is-glob "^4.0.1"
  
  glob@^7.0.0, glob@^7.1.2, glob@^7.1.6:
    version "7.1.6"
    resolved "http://local.server42.ziel.cn:50100/repository/eyanpm/glob/-/glob-7.1.6.tgz"
    integrity sha1-FB8zuBp8JJLhJVlDB0gMRmeSeKY=
    dependencies:
      fs.realpath "^1.0.0"
      inflight "^1.0.4"
      inherits "2"
      minimatch "^3.0.4"
      once "^1.3.0"
      path-is-absolute "^1.0.0"
  
  globby@^11.0.0:
    version "11.0.3"
    resolved "http://local.server42.ziel.cn:50100/repository/eyanpm/globby/-/globby-11.0.3.tgz"
    integrity sha1-mx8MtSPhcd0a2MeyqftLZEuVk8s=
    dependencies:
      array-union "^2.1.0"
      dir-glob "^3.0.1"
      fast-glob "^3.1.1"
      ignore "^5.1.4"
      merge2 "^1.3.0"
      slash "^3.0.0"
  
  graceful-fs@^4.1.6, graceful-fs@^4.2.0:
    version "4.2.6"
    resolved "http://local.server42.ziel.cn:50100/repository/eyanpm/graceful-fs/-/graceful-fs-4.2.6.tgz"
    integrity sha1-/wQLKwhTsjw9MQJ1I3BvGIXXa+4=
  
  has-flag@^3.0.0:
    version "3.0.0"
    resolved "http://local.server42.ziel.cn:50100/repository/eyanpm/has-flag/-/has-flag-3.0.0.tgz"
    integrity sha1-tdRU3CGZriJWmfNGfloH87lVuv0=
  
  has-flag@^4.0.0:
    version "4.0.0"
    resolved "http://local.server42.ziel.cn:50100/repository/eyanpm/has-flag/-/has-flag-4.0.0.tgz"
    integrity sha1-lEdx/ZyByBJlxNaUGGDaBrtZR5s=
  
  has-symbols@^1.0.1:
    version "1.0.2"
    resolved "http://local.server42.ziel.cn:50100/repository/eyanpm/has-symbols/-/has-symbols-1.0.2.tgz"
    integrity sha1-Fl0wcMADCXUqEjakeTMeOsVvFCM=
  
  has@^1.0.3:
    version "1.0.3"
    resolved "http://local.server42.ziel.cn:50100/repository/eyanpm/has/-/has-1.0.3.tgz"
    integrity sha1-ci18v8H2qoJB8W3YFOAR4fQeh5Y=
    dependencies:
      function-bind "^1.1.1"
  
  hash-sum@^2.0.0:
    version "2.0.0"
    resolved "http://local.server42.ziel.cn:50100/repository/eyanpm/hash-sum/-/hash-sum-2.0.0.tgz"
    integrity sha1-gdAbtd6OpKIUrV1urRtSNGCwtFo=
  
  html-tags@^3.1.0:
    version "3.1.0"
    resolved "http://local.server42.ziel.cn:50100/repository/eyanpm/html-tags/-/html-tags-3.1.0.tgz"
    integrity sha1-e15vfmZen7QfMAB+2eDUHpf7IUA=
  
  http-assert@^1.3.0:
    version "1.4.1"
    resolved "http://local.server42.ziel.cn:50100/repository/eyanpm/http-assert/-/http-assert-1.4.1.tgz"
    integrity sha1-xfcl1neqfoc+9zYZm4lobM6zeHg=
    dependencies:
      deep-equal "~1.0.1"
      http-errors "~1.7.2"
  
  http-errors@^1.6.3, http-errors@^1.7.3:
    version "1.8.0"
    resolved "http://local.server42.ziel.cn:50100/repository/eyanpm/http-errors/-/http-errors-1.8.0.tgz"
    integrity sha1-ddG75JfhBE9R5O6ecEpi8o0zZQc=
    dependencies:
      depd "~1.1.2"
      inherits "2.0.4"
      setprototypeof "1.2.0"
      statuses ">= 1.5.0 < 2"
      toidentifier "1.0.0"
  
  http-errors@~1.4.0:
    version "1.4.0"
    resolved "http://local.server42.ziel.cn:50100/repository/eyanpm/http-errors/-/http-errors-1.4.0.tgz"
    integrity sha1-bAJC3qaz33r9oVPHEImzHG6Cqr8=
    dependencies:
      inherits "2.0.1"
      statuses ">= 1.2.1 < 2"
  
  http-errors@~1.6.2:
    version "1.6.3"
    resolved "http://local.server42.ziel.cn:50100/repository/eyanpm/http-errors/-/http-errors-1.6.3.tgz"
    integrity sha1-i1VoC7S+KDoLW/TqLjhYC+HZMg0=
    dependencies:
      depd "~1.1.2"
      inherits "2.0.3"
      setprototypeof "1.1.0"
      statuses ">= 1.4.0 < 2"
  
  http-errors@~1.7.2:
    version "1.7.3"
    resolved "http://local.server42.ziel.cn:50100/repository/eyanpm/http-errors/-/http-errors-1.7.3.tgz"
    integrity sha1-bGGeT5xgMIw4UZSYwU+7EKrOuwY=
    dependencies:
      depd "~1.1.2"
      inherits "2.0.4"
      setprototypeof "1.1.1"
      statuses ">= 1.5.0 < 2"
      toidentifier "1.0.0"
  
  http-proxy@^1.16.2:
    version "1.18.1"
    resolved "http://local.server42.ziel.cn:50100/repository/eyanpm/http-proxy/-/http-proxy-1.18.1.tgz"
    integrity sha1-QBVB8FNIhLv5UmAzTnL4juOXZUk=
    dependencies:
      eventemitter3 "^4.0.0"
      follow-redirects "^1.0.0"
      requires-port "^1.0.0"
  
  human-signals@^1.1.1:
    version "1.1.1"
    resolved "http://local.server42.ziel.cn:50100/repository/eyanpm/human-signals/-/human-signals-1.1.1.tgz"
    integrity sha1-xbHNFPUK6uCatsWf5jujOV/k36M=
  
  icss-replace-symbols@^1.1.0:
    version "1.1.0"
    resolved "http://local.server42.ziel.cn:50100/repository/eyanpm/icss-replace-symbols/-/icss-replace-symbols-1.1.0.tgz"
    integrity sha1-Bupvg2ead0njhs/h/oEq5dsiPe0=
  
  icss-utils@^5.0.0:
    version "5.1.0"
    resolved "http://local.server42.ziel.cn:50100/repository/eyanpm/icss-utils/-/icss-utils-5.1.0.tgz"
    integrity sha1-xr5oWKvQE9do6YNmrkfiXViHsa4=
  
  ieee754@^1.1.13:
    version "1.2.1"
    resolved "http://local.server42.ziel.cn:50100/repository/eyanpm/ieee754/-/ieee754-1.2.1.tgz"
    integrity sha1-jrehCmP/8l0VpXsAFYbRd9Gw01I=
  
  ignore@^5.1.4:
    version "5.1.8"
    resolved "http://local.server42.ziel.cn:50100/repository/eyanpm/ignore/-/ignore-5.1.8.tgz"
    integrity sha1-8VCotQo0KJsz4i9YiavU2AFvDlc=
  
  import-cwd@^3.0.0:
    version "3.0.0"
    resolved "http://local.server42.ziel.cn:50100/repository/eyanpm/import-cwd/-/import-cwd-3.0.0.tgz"
    integrity sha1-IIRVR3GAFRJuqbNna3WS+4vUz5I=
    dependencies:
      import-from "^3.0.0"
  
  import-fresh@^3.2.1:
    version "3.3.0"
    resolved "http://local.server42.ziel.cn:50100/repository/eyanpm/import-fresh/-/import-fresh-3.3.0.tgz"
    integrity sha1-NxYsJfy566oublPVtNiM4X2eDCs=
    dependencies:
      parent-module "^1.0.0"
      resolve-from "^4.0.0"
  
  import-from@^3.0.0:
    version "3.0.0"
    resolved "http://local.server42.ziel.cn:50100/repository/eyanpm/import-from/-/import-from-3.0.0.tgz"
    integrity sha1-BVz+w4zVon2AV8pRN219O/CJGWY=
    dependencies:
      resolve-from "^5.0.0"
  
  inflight@^1.0.4:
    version "1.0.6"
    resolved "http://local.server42.ziel.cn:50100/repository/eyanpm/inflight/-/inflight-1.0.6.tgz"
    integrity sha1-Sb1jMdfQLQwJvJEKEHW6gWW1bfk=
    dependencies:
      once "^1.3.0"
      wrappy "1"
  
  inherits@2, inherits@2.0.4, inherits@^2.0.3, inherits@^2.0.4:
    version "2.0.4"
    resolved "http://local.server42.ziel.cn:50100/repository/eyanpm/inherits/-/inherits-2.0.4.tgz"
    integrity sha1-D6LGT5MpF8NDOg3tVTY6rjdBa3w=
  
  inherits@2.0.1:
    version "2.0.1"
    resolved "http://local.server42.ziel.cn:50100/repository/eyanpm/inherits/-/inherits-2.0.1.tgz"
    integrity sha1-sX0I0ya0Qj5Wjv9xn5GwscvfafE=
  
  inherits@2.0.3:
    version "2.0.3"
    resolved "http://local.server42.ziel.cn:50100/repository/eyanpm/inherits/-/inherits-2.0.3.tgz"
    integrity sha1-Yzwsg+PaQqUC9SRmAiSA9CCCYd4=
  
  is-arrayish@^0.2.1:
    version "0.2.1"
    resolved "http://local.server42.ziel.cn:50100/repository/eyanpm/is-arrayish/-/is-arrayish-0.2.1.tgz"
    integrity sha1-d8mYQFJ6qOyxqLppe4BkWnqSap0=
  
  is-arrayish@^0.3.1:
    version "0.3.2"
    resolved "http://local.server42.ziel.cn:50100/repository/eyanpm/is-arrayish/-/is-arrayish-0.3.2.tgz"
    integrity sha1-RXSirlb3qyBolvtDHq7tBm/fjwM=
  
  is-binary-path@~2.1.0:
    version "2.1.0"
    resolved "http://local.server42.ziel.cn:50100/repository/eyanpm/is-binary-path/-/is-binary-path-2.1.0.tgz"
    integrity sha1-6h9/O4DwZCNug0cPhsCcJU+0Wwk=
    dependencies:
      binary-extensions "^2.0.0"
  
  is-core-module@^2.2.0:
    version "2.3.0"
    resolved "http://local.server42.ziel.cn:50100/repository/eyanpm/is-core-module/-/is-core-module-2.3.0.tgz"
    integrity sha1-00FlLjQIvKacRnG3mglUo9NJ+Ic=
    dependencies:
      has "^1.0.3"
  
  is-docker@^2.0.0:
    version "2.2.1"
    resolved "http://local.server42.ziel.cn:50100/repository/eyanpm/is-docker/-/is-docker-2.2.1.tgz"
    integrity sha1-M+6r4jz+hvFL3kQIoCwM+4U6zao=
  
  is-dotfile@^1.0.0:
    version "1.0.3"
    resolved "http://local.server42.ziel.cn:50100/repository/eyanpm/is-dotfile/-/is-dotfile-1.0.3.tgz"
    integrity sha1-pqLzL/0t+wT1yiXs0Pa4PPeYoeE=
  
  is-expression@^4.0.0:
    version "4.0.0"
    resolved "http://local.server42.ziel.cn:50100/repository/eyanpm/is-expression/-/is-expression-4.0.0.tgz"
    integrity sha1-wzFVliq/IdCv0lUlFNZ9LsFv0qs=
    dependencies:
      acorn "^7.1.1"
      object-assign "^4.1.1"
  
  is-extglob@^1.0.0:
    version "1.0.0"
    resolved "http://local.server42.ziel.cn:50100/repository/eyanpm/is-extglob/-/is-extglob-1.0.0.tgz"
    integrity sha1-rEaBd8SUNAWgkvyPKXYMb/xiBsA=
  
  is-extglob@^2.1.1:
    version "2.1.1"
    resolved "http://local.server42.ziel.cn:50100/repository/eyanpm/is-extglob/-/is-extglob-2.1.1.tgz"
    integrity sha1-qIwCU1eR8C7TfHahueqXc8gz+MI=
  
  is-generator-function@^1.0.7:
    version "1.0.8"
    resolved "http://local.server42.ziel.cn:50100/repository/eyanpm/is-generator-function/-/is-generator-function-1.0.8.tgz"
    integrity sha1-37XCsSDgKwqNnSxoBs1WIaqSL3s=
  
  is-glob@^2.0.0:
    version "2.0.1"
    resolved "http://local.server42.ziel.cn:50100/repository/eyanpm/is-glob/-/is-glob-2.0.1.tgz"
    integrity sha1-0Jb5JqPe1WAPP9/ZEZjLCIjC2GM=
    dependencies:
      is-extglob "^1.0.0"
  
  is-glob@^4.0.1, is-glob@~4.0.1:
    version "4.0.1"
    resolved "http://local.server42.ziel.cn:50100/repository/eyanpm/is-glob/-/is-glob-4.0.1.tgz"
    integrity sha1-dWfb6fL14kZ7x3q4PEopSCQHpdw=
    dependencies:
      is-extglob "^2.1.1"
  
  is-interactive@^1.0.0:
    version "1.0.0"
    resolved "http://local.server42.ziel.cn:50100/repository/eyanpm/is-interactive/-/is-interactive-1.0.0.tgz"
    integrity sha1-zqbmrlyHCnsKAAQHC3tYfgJSkS4=
  
  is-module@^1.0.0:
    version "1.0.0"
    resolved "http://local.server42.ziel.cn:50100/repository/eyanpm/is-module/-/is-module-1.0.0.tgz"
    integrity sha1-Mlj7afeMFNW4FdZkM2tM/7ZEFZE=
  
  is-number@^7.0.0:
    version "7.0.0"
    resolved "http://local.server42.ziel.cn:50100/repository/eyanpm/is-number/-/is-number-7.0.0.tgz"
    integrity sha1-dTU0W4lnNNX4DE0GxQlVUnoU8Ss=
  
  is-promise@^2.0.0:
    version "2.2.2"
    resolved "http://local.server42.ziel.cn:50100/repository/eyanpm/is-promise/-/is-promise-2.2.2.tgz"
    integrity sha1-OauVnMv5p3TPB597QMeib3YxNfE=
  
  is-reference@^1.2.1:
    version "1.2.1"
    resolved "http://local.server42.ziel.cn:50100/repository/eyanpm/is-reference/-/is-reference-1.2.1.tgz"
    integrity sha1-iy2sCzcfS8mU/eq6nrVC0DAC0Lc=
    dependencies:
      "@types/estree" "*"
  
  is-regex@^1.0.3:
    version "1.1.2"
    resolved "http://local.server42.ziel.cn:50100/repository/eyanpm/is-regex/-/is-regex-1.1.2.tgz"
    integrity sha1-gcjr3k2xQvLPHFP8htakV4gmYlE=
    dependencies:
      call-bind "^1.0.2"
      has-symbols "^1.0.1"
  
  is-stream@^2.0.0:
    version "2.0.0"
    resolved "http://local.server42.ziel.cn:50100/repository/eyanpm/is-stream/-/is-stream-2.0.0.tgz"
    integrity sha1-venDJoDW+uBBKdasnZIc54FfeOM=
  
  is-unicode-supported@^0.1.0:
    version "0.1.0"
    resolved "http://local.server42.ziel.cn:50100/repository/eyanpm/is-unicode-supported/-/is-unicode-supported-0.1.0.tgz"
    integrity sha1-PybHaoCVk7Ur+i7LVxDtJ3m1Iqc=
  
  is-wsl@^2.1.1:
    version "2.2.0"
    resolved "http://local.server42.ziel.cn:50100/repository/eyanpm/is-wsl/-/is-wsl-2.2.0.tgz"
    integrity sha1-dKTHbnfKn9P5MvKQwX6jJs0VcnE=
    dependencies:
      is-docker "^2.0.0"
  
  isarray@0.0.1:
    version "0.0.1"
    resolved "http://local.server42.ziel.cn:50100/repository/eyanpm/isarray/-/isarray-0.0.1.tgz"
    integrity sha1-ihis/Kmo9Bd+Cav8YDiTmwXR7t8=
  
  isbuiltin@^1.0.0:
    version "1.0.0"
    resolved "http://local.server42.ziel.cn:50100/repository/eyanpm/isbuiltin/-/isbuiltin-1.0.0.tgz"
    integrity sha1-RFOykVaQy0fAy5ySVaCAd3gxXJY=
    dependencies:
      builtin-modules "^1.1.1"
  
  isexe@^2.0.0:
    version "2.0.0"
    resolved "http://local.server42.ziel.cn:50100/repository/eyanpm/isexe/-/isexe-2.0.0.tgz"
    integrity sha1-6PvzdNxVb/iUehDcsFctYz8s+hA=
  
  jest-worker@^26.2.1:
    version "26.6.2"
    resolved "http://local.server42.ziel.cn:50100/repository/eyanpm/jest-worker/-/jest-worker-26.6.2.tgz"
    integrity sha1-f3LLxNZDw2Xie5/XdfnQ6qnHqO0=
    dependencies:
      "@types/node" "*"
      merge-stream "^2.0.0"
      supports-color "^7.0.0"
  
  js-stringify@^1.0.2:
    version "1.0.2"
    resolved "http://local.server42.ziel.cn:50100/repository/eyanpm/js-stringify/-/js-stringify-1.0.2.tgz"
    integrity sha1-Fzb939lyTyijaCrcYjCufk6Weds=
  
  js-tokens@^4.0.0:
    version "4.0.0"
    resolved "http://local.server42.ziel.cn:50100/repository/eyanpm/js-tokens/-/js-tokens-4.0.0.tgz"
    integrity sha1-GSA/tZmR35jjoocFDUZHzerzJJk=
  
  json-parse-even-better-errors@^2.3.0:
    version "2.3.1"
    resolved "http://local.server42.ziel.cn:50100/repository/eyanpm/json-parse-even-better-errors/-/json-parse-even-better-errors-2.3.1.tgz"
    integrity sha1-fEeAWpQxmSjgV3dAXcEuH3pO4C0=
  
  json5@^1.0.1:
    version "1.0.1"
    resolved "http://local.server42.ziel.cn:50100/repository/eyanpm/json5/-/json5-1.0.1.tgz"
    integrity sha1-d5+wAYYE+oVOrL9iUhgNg1Q+Pb4=
    dependencies:
      minimist "^1.2.0"
  
  jsonfile@^6.0.1:
    version "6.1.0"
    resolved "http://local.server42.ziel.cn:50100/repository/eyanpm/jsonfile/-/jsonfile-6.1.0.tgz"
    integrity sha1-vFWyY0eTxnnsZAMJTrE2mKbsCq4=
    dependencies:
      universalify "^2.0.0"
    optionalDependencies:
      graceful-fs "^4.1.6"
  
  jstransformer@1.0.0:
    version "1.0.0"
    resolved "http://local.server42.ziel.cn:50100/repository/eyanpm/jstransformer/-/jstransformer-1.0.0.tgz"
    integrity sha1-7Yvwkh4vPx7U1cGkT2hwntJHIsM=
    dependencies:
      is-promise "^2.0.0"
      promise "^7.0.1"
  
  keygrip@~1.1.0:
    version "1.1.0"
    resolved "http://local.server42.ziel.cn:50100/repository/eyanpm/keygrip/-/keygrip-1.1.0.tgz"
    integrity sha1-hxsWgdXhWcYqRFsMdLYV4JF+ciY=
    dependencies:
      tsscmp "1.0.6"
  
  klona@^2.0.4:
    version "2.0.4"
    resolved "http://local.server42.ziel.cn:50100/repository/eyanpm/klona/-/klona-2.0.4.tgz"
    integrity sha1-e7Hjr/sMuGJFR+9+j2cI6i4538A=
  
  koa-compose@^3.0.0:
    version "3.2.1"
    resolved "http://local.server42.ziel.cn:50100/repository/eyanpm/koa-compose/-/koa-compose-3.2.1.tgz"
    integrity sha1-qFzLQLfZhtjlo0Wzoazo6rz1Tec=
    dependencies:
      any-promise "^1.1.0"
  
  koa-compose@^4.1.0:
    version "4.1.0"
    resolved "http://local.server42.ziel.cn:50100/repository/eyanpm/koa-compose/-/koa-compose-4.1.0.tgz"
    integrity sha1-UHMGuTcZAdtBEhyBLpI9DWfT6Hc=
  
  koa-conditional-get@^3.0.0:
    version "3.0.0"
    resolved "http://local.server42.ziel.cn:50100/repository/eyanpm/koa-conditional-get/-/koa-conditional-get-3.0.0.tgz"
    integrity sha1-VSy2SiF9+5B+kLfDT0IAnkQcS44=
  
  koa-convert@^1.2.0:
    version "1.2.0"
    resolved "http://local.server42.ziel.cn:50100/repository/eyanpm/koa-convert/-/koa-convert-1.2.0.tgz"
    integrity sha1-2kCHXfSd4FOQmNFwC1CCDOvNIdA=
    dependencies:
      co "^4.6.0"
      koa-compose "^3.0.0"
  
  koa-etag@^4.0.0:
    version "4.0.0"
    resolved "http://local.server42.ziel.cn:50100/repository/eyanpm/koa-etag/-/koa-etag-4.0.0.tgz"
    integrity sha1-LCu3rmnKGsbO0Juijct4UjyBBBQ=
    dependencies:
      etag "^1.8.1"
  
  koa-proxies@^0.11.0:
    version "0.11.0"
    resolved "http://local.server42.ziel.cn:50100/repository/eyanpm/koa-proxies/-/koa-proxies-0.11.0.tgz"
    integrity sha1-Q93kJgCA98sPKEZV+Fz2VLvp7IQ=
    dependencies:
      http-proxy "^1.16.2"
      path-match "^1.2.4"
  
  koa-send@^5.0.0, koa-send@^5.0.1:
    version "5.0.1"
    resolved "http://local.server42.ziel.cn:50100/repository/eyanpm/koa-send/-/koa-send-5.0.1.tgz"
    integrity sha1-Odzuv6+zldDWC+r/ujpwtPVD/nk=
    dependencies:
      debug "^4.1.1"
      http-errors "^1.7.3"
      resolve-path "^1.4.0"
  
  koa-static@^5.0.0:
    version "5.0.0"
    resolved "http://local.server42.ziel.cn:50100/repository/eyanpm/koa-static/-/koa-static-5.0.0.tgz"
    integrity sha1-XpL8lrU3rVIZ9CUxnJW2R3J3aUM=
    dependencies:
      debug "^3.1.0"
      koa-send "^5.0.0"
  
  koa@^2.13.0:
    version "2.13.1"
    resolved "http://local.server42.ziel.cn:50100/repository/eyanpm/koa/-/koa-2.13.1.tgz"
    integrity sha1-YnUXKHWye8/h1FQ1altrn1qbEFE=
    dependencies:
      accepts "^1.3.5"
      cache-content-type "^1.0.0"
      content-disposition "~0.5.2"
      content-type "^1.0.4"
      cookies "~0.8.0"
      debug "~3.1.0"
      delegates "^1.0.0"
      depd "^2.0.0"
      destroy "^1.0.4"
      encodeurl "^1.0.2"
      escape-html "^1.0.3"
      fresh "~0.5.2"
      http-assert "^1.3.0"
      http-errors "^1.6.3"
      is-generator-function "^1.0.7"
      koa-compose "^4.1.0"
      koa-convert "^1.2.0"
      on-finished "^2.3.0"
      only "~0.0.2"
      parseurl "^1.3.2"
      statuses "^1.5.0"
      type-is "^1.6.16"
      vary "^1.1.2"
  
  lines-and-columns@^1.1.6:
    version "1.1.6"
    resolved "http://local.server42.ziel.cn:50100/repository/eyanpm/lines-and-columns/-/lines-and-columns-1.1.6.tgz"
    integrity sha1-HADHQ7QzzQpOgHWPe2SldEDZ/wA=
  
  loader-utils@^1.1.0:
    version "1.4.0"
    resolved "http://local.server42.ziel.cn:50100/repository/eyanpm/loader-utils/-/loader-utils-1.4.0.tgz"
    integrity sha1-xXm140yzSxp07cbB+za/o3HVphM=
    dependencies:
      big.js "^5.2.2"
      emojis-list "^3.0.0"
      json5 "^1.0.1"
  
  lodash.camelcase@^4.3.0:
    version "4.3.0"
    resolved "http://local.server42.ziel.cn:50100/repository/eyanpm/lodash.camelcase/-/lodash.camelcase-4.3.0.tgz"
    integrity sha1-soqmKIorn8ZRA1x3EfZathkDMaY=
  
  lodash.toarray@^4.4.0:
    version "4.4.0"
    resolved "http://local.server42.ziel.cn:50100/repository/eyanpm/lodash.toarray/-/lodash.toarray-4.4.0.tgz"
    integrity sha1-JMS/zWsvuji/0FlNsRedjptlZWE=
  
  lodash.topath@^4.5.2:
    version "4.5.2"
    resolved "http://local.server42.ziel.cn:50100/repository/eyanpm/lodash.topath/-/lodash.topath-4.5.2.tgz"
    integrity sha1-NhY1Hzu6YZlKCTGYlmC9AyVP0Ak=
  
  lodash@^4.17.21:
    version "4.17.21"
    resolved "http://local.server42.ziel.cn:50100/repository/eyanpm/lodash/-/lodash-4.17.21.tgz"
    integrity sha1-Z5WRxWTDv/quhFTPCz3zcMPWkRw=
  
  log-symbols@^4.1.0:
    version "4.1.0"
    resolved "http://local.server42.ziel.cn:50100/repository/eyanpm/log-symbols/-/log-symbols-4.1.0.tgz"
    integrity sha1-P727lbRoOsn8eFER55LlWNSr1QM=
    dependencies:
      chalk "^4.1.0"
      is-unicode-supported "^0.1.0"
  
  lru-cache@^5.1.1:
    version "5.1.1"
    resolved "http://local.server42.ziel.cn:50100/repository/eyanpm/lru-cache/-/lru-cache-5.1.1.tgz"
    integrity sha1-HaJ+ZxAnGUdpXa9oSOhH8B2EuSA=
    dependencies:
      yallist "^3.0.2"
  
  lru-cache@^6.0.0:
    version "6.0.0"
    resolved "http://local.server42.ziel.cn:50100/repository/eyanpm/lru-cache/-/lru-cache-6.0.0.tgz"
    integrity sha1-bW/mVw69lqr5D8rR2vo7JWbbOpQ=
    dependencies:
      yallist "^4.0.0"
  
  magic-string@^0.25.7:
    version "0.25.7"
    resolved "http://local.server42.ziel.cn:50100/repository/eyanpm/magic-string/-/magic-string-0.25.7.tgz"
    integrity sha1-P0l9b9NMZpxnmNy4IfLvMfVEUFE=
    dependencies:
      sourcemap-codec "^1.4.4"
  
  media-typer@0.3.0:
    version "0.3.0"
    resolved "http://local.server42.ziel.cn:50100/repository/eyanpm/media-typer/-/media-typer-0.3.0.tgz"
    integrity sha1-hxDXrwqmJvj/+hzgAWhUUmMlV0g=
  
  merge-source-map@^1.1.0:
    version "1.1.0"
    resolved "http://local.server42.ziel.cn:50100/repository/eyanpm/merge-source-map/-/merge-source-map-1.1.0.tgz"
    integrity sha1-L93n5gIJOfcJBqaPLXrmheTIxkY=
    dependencies:
      source-map "^0.6.1"
  
  merge-stream@^2.0.0:
    version "2.0.0"
    resolved "http://local.server42.ziel.cn:50100/repository/eyanpm/merge-stream/-/merge-stream-2.0.0.tgz"
    integrity sha1-UoI2KaFN0AyXcPtq1H3GMQ8sH2A=
  
  merge2@^1.3.0:
    version "1.4.1"
    resolved "http://local.server42.ziel.cn:50100/repository/eyanpm/merge2/-/merge2-1.4.1.tgz"
    integrity sha1-Q2iJL4hekHRVpv19xVwMnUBJkK4=
  
  micromatch@^4.0.2:
    version "4.0.4"
    resolved "http://local.server42.ziel.cn:50100/repository/eyanpm/micromatch/-/micromatch-4.0.4.tgz"
    integrity sha1-iW1Rnf6dsl/OlM63pQCRm/iB6/k=
    dependencies:
      braces "^3.0.1"
      picomatch "^2.2.3"
  
  mime-db@1.47.0:
    version "1.47.0"
    resolved "http://local.server42.ziel.cn:50100/repository/eyanpm/mime-db/-/mime-db-1.47.0.tgz"
    integrity sha1-jLMT5Zll08Bc+/iYkVomevRqM1w=
  
  mime-types@^2.1.18, mime-types@^2.1.27, mime-types@~2.1.24:
    version "2.1.30"
    resolved "http://local.server42.ziel.cn:50100/repository/eyanpm/mime-types/-/mime-types-2.1.30.tgz"
    integrity sha1-bnvotMR5gl+F7WMmaV23P5MF1i0=
    dependencies:
      mime-db "1.47.0"
  
  mimic-fn@^2.1.0:
    version "2.1.0"
    resolved "http://local.server42.ziel.cn:50100/repository/eyanpm/mimic-fn/-/mimic-fn-2.1.0.tgz"
    integrity sha1-ftLCzMyvhNP/y3pptXcR/CCDQBs=
  
  mini-svg-data-uri@^1.2.3:
    version "1.2.3"
    resolved "http://local.server42.ziel.cn:50100/repository/eyanpm/mini-svg-data-uri/-/mini-svg-data-uri-1.2.3.tgz#e16baa92ad55ddaa1c2c135759129f41910bc39f"
    integrity sha1-4Wuqkq1V3aocLBNXWRKfQZELw58=
  
  minimatch@^3.0.4:
    version "3.0.4"
    resolved "http://local.server42.ziel.cn:50100/repository/eyanpm/minimatch/-/minimatch-3.0.4.tgz"
    integrity sha1-UWbihkV/AzBgZL5Ul+jbsMPTIIM=
    dependencies:
      brace-expansion "^1.1.7"
  
  minimist@^1.1.1, minimist@^1.2.0, minimist@^1.2.5:
    version "1.2.5"
    resolved "http://local.server42.ziel.cn:50100/repository/eyanpm/minimist/-/minimist-1.2.5.tgz"
    integrity sha1-Z9ZgFLZqaoqqDAg8X9WN9OTpdgI=
  
  modern-normalize@^1.0.0:
    version "1.0.0"
    resolved "http://local.server42.ziel.cn:50100/repository/eyanpm/modern-normalize/-/modern-normalize-1.0.0.tgz"
    integrity sha1-U52EoeFBM4sBs0bz4nOW0O0XYB4=
  
  ms@2.0.0:
    version "2.0.0"
    resolved "http://local.server42.ziel.cn:50100/repository/eyanpm/ms/-/ms-2.0.0.tgz"
    integrity sha1-VgiurfwAvmwpAd9fmGF4jeDVl8g=
  
  ms@2.1.2:
    version "2.1.2"
    resolved "http://local.server42.ziel.cn:50100/repository/eyanpm/ms/-/ms-2.1.2.tgz"
    integrity sha1-0J0fNXtEP0kzgqjrPM0YOHKuYAk=
  
  ms@^2.1.1:
    version "2.1.3"
    resolved "http://local.server42.ziel.cn:50100/repository/eyanpm/ms/-/ms-2.1.3.tgz"
    integrity sha1-V0yBOM4dK1hh8LRFedut1gxmFbI=
  
  nanoid@^3.1.22:
    version "3.1.22"
    resolved "http://local.server42.ziel.cn:50100/repository/eyanpm/nanoid/-/nanoid-3.1.22.tgz"
    integrity sha1-s1+Pt9FRmQqK69WqUBXAPPcm+EQ=
  
  negotiator@0.6.2:
    version "0.6.2"
    resolved "http://local.server42.ziel.cn:50100/repository/eyanpm/negotiator/-/negotiator-0.6.2.tgz"
    integrity sha1-/qz3zPUlp3rpY0Q2pkiD/+yjRvs=
  
  node-emoji@^1.8.1:
    version "1.10.0"
    resolved "http://local.server42.ziel.cn:50100/repository/eyanpm/node-emoji/-/node-emoji-1.10.0.tgz"
    integrity sha1-iIar0l2ce7YYAqZYUj0fjSqJsto=
    dependencies:
      lodash.toarray "^4.4.0"
  
  node-forge@^0.10.0:
    version "0.10.0"
    resolved "http://local.server42.ziel.cn:50100/repository/eyanpm/node-forge/-/node-forge-0.10.0.tgz"
    integrity sha1-Mt6ir7Ppkm8C7lzoeUkCaRpna/M=
  
  node-releases@^1.1.71:
    version "1.1.71"
    resolved "http://local.server42.ziel.cn:50100/repository/eyanpm/node-releases/-/node-releases-1.1.71.tgz"
    integrity sha1-yxM0sXmJaxyJ7P3UtyX7e738fbs=
  
  normalize-path@^3.0.0, normalize-path@~3.0.0:
    version "3.0.0"
    resolved "http://local.server42.ziel.cn:50100/repository/eyanpm/normalize-path/-/normalize-path-3.0.0.tgz"
    integrity sha1-Dc1p/yOhybEf0JeDFmRKA4ghamU=
  
  normalize-range@^0.1.2:
    version "0.1.2"
    resolved "http://local.server42.ziel.cn:50100/repository/eyanpm/normalize-range/-/normalize-range-0.1.2.tgz"
    integrity sha1-LRDAa9/TEuqXd2laTShDlFa3WUI=
  
  npm-run-path@^4.0.0:
    version "4.0.1"
    resolved "http://local.server42.ziel.cn:50100/repository/eyanpm/npm-run-path/-/npm-run-path-4.0.1.tgz"
    integrity sha1-t+zR5e1T2o43pV4cImnguX7XSOo=
    dependencies:
      path-key "^3.0.0"
  
  object-assign@^4.1.1:
    version "4.1.1"
    resolved "http://local.server42.ziel.cn:50100/repository/eyanpm/object-assign/-/object-assign-4.1.1.tgz"
    integrity sha1-IQmtx5ZYh8/AXLvUQsrIv7s2CGM=
  
  object-hash@^2.1.1:
    version "2.1.1"
    resolved "http://local.server42.ziel.cn:50100/repository/eyanpm/object-hash/-/object-hash-2.1.1.tgz"
    integrity sha1-lEfQJ5tPz4DP8yWb9modxzr6vgk=
  
  on-finished@^2.3.0:
    version "2.3.0"
    resolved "http://local.server42.ziel.cn:50100/repository/eyanpm/on-finished/-/on-finished-2.3.0.tgz"
    integrity sha1-IPEzZIGwg811M3mSoWlxqi2QaUc=
    dependencies:
      ee-first "1.1.1"
  
  once@^1.3.0, once@^1.3.1, once@^1.4.0:
    version "1.4.0"
    resolved "http://local.server42.ziel.cn:50100/repository/eyanpm/once/-/once-1.4.0.tgz"
    integrity sha1-WDsap3WWHUsROsF9nFC6753Xa9E=
    dependencies:
      wrappy "1"
  
  onetime@^5.1.0:
    version "5.1.2"
    resolved "http://local.server42.ziel.cn:50100/repository/eyanpm/onetime/-/onetime-5.1.2.tgz"
    integrity sha1-0Oluu1awdHbfHdnEgG5SN5hcpF4=
    dependencies:
      mimic-fn "^2.1.0"
  
  only@~0.0.2:
    version "0.0.2"
    resolved "http://local.server42.ziel.cn:50100/repository/eyanpm/only/-/only-0.0.2.tgz"
    integrity sha1-Kv3oTQPlC5qO3EROMGEKcCle37Q=
  
  open@^7.2.1:
    version "7.4.2"
    resolved "http://local.server42.ziel.cn:50100/repository/eyanpm/open/-/open-7.4.2.tgz"
    integrity sha1-uBR+Jtzz5CYxbHMAif1x7dKcIyE=
    dependencies:
      is-docker "^2.0.0"
      is-wsl "^2.1.1"
  
  ora@^5.1.0:
    version "5.4.0"
    resolved "http://local.server42.ziel.cn:50100/repository/eyanpm/ora/-/ora-5.4.0.tgz"
    integrity sha1-Qu2khVg1uc0U0zhkyXo8laP1a/Q=
    dependencies:
      bl "^4.1.0"
      chalk "^4.1.0"
      cli-cursor "^3.1.0"
      cli-spinners "^2.5.0"
      is-interactive "^1.0.0"
      is-unicode-supported "^0.1.0"
      log-symbols "^4.1.0"
      strip-ansi "^6.0.0"
      wcwidth "^1.0.1"
  
  p-map-series@^2.1.0:
    version "2.1.0"
    resolved "http://local.server42.ziel.cn:50100/repository/eyanpm/p-map-series/-/p-map-series-2.1.0.tgz"
    integrity sha1-dWDUxFLZ2gwH5pL9v+biyBoqkfI=
  
  parent-module@^1.0.0:
    version "1.0.1"
    resolved "http://local.server42.ziel.cn:50100/repository/eyanpm/parent-module/-/parent-module-1.0.1.tgz"
    integrity sha1-aR0nCeeMefrjoVZiJFLQB2LKqqI=
    dependencies:
      callsites "^3.0.0"
  
  parse-glob@^3.0.4:
    version "3.0.4"
    resolved "http://local.server42.ziel.cn:50100/repository/eyanpm/parse-glob/-/parse-glob-3.0.4.tgz"
    integrity sha1-ssN2z7EfNVE7rdFz7wu246OIORw=
    dependencies:
      glob-base "^0.3.0"
      is-dotfile "^1.0.0"
      is-extglob "^1.0.0"
      is-glob "^2.0.0"
  
  parse-json@^5.0.0:
    version "5.2.0"
    resolved "http://local.server42.ziel.cn:50100/repository/eyanpm/parse-json/-/parse-json-5.2.0.tgz"
    integrity sha1-x2/Gbe5UIxyWKyK8yKcs8vmXU80=
    dependencies:
      "@babel/code-frame" "^7.0.0"
      error-ex "^1.3.1"
      json-parse-even-better-errors "^2.3.0"
      lines-and-columns "^1.1.6"
  
  parseurl@^1.3.2:
    version "1.3.3"
    resolved "http://local.server42.ziel.cn:50100/repository/eyanpm/parseurl/-/parseurl-1.3.3.tgz"
    integrity sha1-naGee+6NEt/wUT7Vt2lXeTvC6NQ=
  
  path-is-absolute@1.0.1, path-is-absolute@^1.0.0:
    version "1.0.1"
    resolved "http://local.server42.ziel.cn:50100/repository/eyanpm/path-is-absolute/-/path-is-absolute-1.0.1.tgz"
    integrity sha1-F0uSaHNVNP+8es5r9TpanhtcX18=
  
  path-key@^3.0.0, path-key@^3.1.0:
    version "3.1.1"
    resolved "http://local.server42.ziel.cn:50100/repository/eyanpm/path-key/-/path-key-3.1.1.tgz"
    integrity sha1-WB9q3mWMu6ZaDTOA3ndTKVBU83U=
  
  path-match@^1.2.4:
    version "1.2.4"
    resolved "http://local.server42.ziel.cn:50100/repository/eyanpm/path-match/-/path-match-1.2.4.tgz"
    integrity sha1-pidH88fgwlFHYml/JEQ1hbCRAOo=
    dependencies:
      http-errors "~1.4.0"
      path-to-regexp "^1.0.0"
  
  path-parse@^1.0.6:
    version "1.0.6"
    resolved "http://local.server42.ziel.cn:50100/repository/eyanpm/path-parse/-/path-parse-1.0.6.tgz"
    integrity sha1-1i27VnlAXXLEc37FhgDp3c8G0kw=
  
  path-to-regexp@^1.0.0:
    version "1.8.0"
    resolved "http://local.server42.ziel.cn:50100/repository/eyanpm/path-to-regexp/-/path-to-regexp-1.8.0.tgz"
    integrity sha1-iHs7qdhDk+h6CgufTLdWGYtTVIo=
    dependencies:
      isarray "0.0.1"
  
  path-type@^4.0.0:
    version "4.0.0"
    resolved "http://local.server42.ziel.cn:50100/repository/eyanpm/path-type/-/path-type-4.0.0.tgz"
    integrity sha1-hO0BwKe6OAr+CdkKjBgNzZ0DBDs=
  
  picomatch@^2.0.4, picomatch@^2.2.1, picomatch@^2.2.2, picomatch@^2.2.3:
    version "2.2.3"
    resolved "http://local.server42.ziel.cn:50100/repository/eyanpm/picomatch/-/picomatch-2.2.3.tgz"
    integrity sha1-RlVH81nMwgbTxI5Goby4m/fuYZ0=
  
  pify@^2.3.0:
    version "2.3.0"
    resolved "http://local.server42.ziel.cn:50100/repository/eyanpm/pify/-/pify-2.3.0.tgz"
    integrity sha1-7RQaasBDqEnqWISY59yosVMw6Qw=
  
  postcss-discard-comments@^4.0.2:
    version "4.0.2"
    resolved "http://local.server42.ziel.cn:50100/repository/eyanpm/postcss-discard-comments/-/postcss-discard-comments-4.0.2.tgz"
    integrity sha1-H7q9LCRr/2qq15l7KwkY9NevQDM=
    dependencies:
      postcss "^7.0.0"
  
  postcss-functions@^3:
    version "3.0.0"
    resolved "http://local.server42.ziel.cn:50100/repository/eyanpm/postcss-functions/-/postcss-functions-3.0.0.tgz"
    integrity sha1-DpTQFERwCkgd4g3k1V+yZAVkJQ4=
    dependencies:
      glob "^7.1.2"
      object-assign "^4.1.1"
      postcss "^6.0.9"
      postcss-value-parser "^3.3.0"
  
  postcss-import@^12.0.1:
    version "12.0.1"
    resolved "http://local.server42.ziel.cn:50100/repository/eyanpm/postcss-import/-/postcss-import-12.0.1.tgz"
    integrity sha1-z4x6sLXMq1ZJAkU25WX4QZKLcVM=
    dependencies:
      postcss "^7.0.1"
      postcss-value-parser "^3.2.3"
      read-cache "^1.0.0"
      resolve "^1.1.7"
  
  postcss-js@^3.0.3:
    version "3.0.3"
    resolved "http://local.server42.ziel.cn:50100/repository/eyanpm/postcss-js/-/postcss-js-3.0.3.tgz"
    integrity sha1-LwvTcKLoWZ1FQ59pcEA7WHOr2jM=
    dependencies:
      camelcase-css "^2.0.1"
      postcss "^8.1.6"
  
  postcss-load-config@^3.0.0:
    version "3.0.1"
    resolved "http://local.server42.ziel.cn:50100/repository/eyanpm/postcss-load-config/-/postcss-load-config-3.0.1.tgz"
    integrity sha1-0hS/nP7BYI/68PQWGzuiBmSrZLk=
    dependencies:
      cosmiconfig "^7.0.0"
      import-cwd "^3.0.0"
  
  postcss-modules-extract-imports@^3.0.0:
    version "3.0.0"
    resolved "http://local.server42.ziel.cn:50100/repository/eyanpm/postcss-modules-extract-imports/-/postcss-modules-extract-imports-3.0.0.tgz"
    integrity sha1-zaHwR8CugMl9vijD52pDuIAldB0=
  
  postcss-modules-local-by-default@^4.0.0:
    version "4.0.0"
    resolved "http://local.server42.ziel.cn:50100/repository/eyanpm/postcss-modules-local-by-default/-/postcss-modules-local-by-default-4.0.0.tgz"
    integrity sha1-67tU+uFZjuz99pGgKz/zs5ClpRw=
    dependencies:
      icss-utils "^5.0.0"
      postcss-selector-parser "^6.0.2"
      postcss-value-parser "^4.1.0"
  
  postcss-modules-scope@^3.0.0:
    version "3.0.0"
    resolved "http://local.server42.ziel.cn:50100/repository/eyanpm/postcss-modules-scope/-/postcss-modules-scope-3.0.0.tgz"
    integrity sha1-nvMVFFbTu/oSDKRImN/Kby+gHwY=
    dependencies:
      postcss-selector-parser "^6.0.4"
  
  postcss-modules-values@^4.0.0:
    version "4.0.0"
    resolved "http://local.server42.ziel.cn:50100/repository/eyanpm/postcss-modules-values/-/postcss-modules-values-4.0.0.tgz"
    integrity sha1-18Xn5ow7s8myfL9Iyguz/7RgLJw=
    dependencies:
      icss-utils "^5.0.0"
  
  postcss-modules@^4.0.0:
    version "4.0.0"
    resolved "http://local.server42.ziel.cn:50100/repository/eyanpm/postcss-modules/-/postcss-modules-4.0.0.tgz"
    integrity sha1-K8fydquI8/Gw+t9svXdy1DtfO5s=
    dependencies:
      generic-names "^2.0.1"
      icss-replace-symbols "^1.1.0"
      lodash.camelcase "^4.3.0"
      postcss-modules-extract-imports "^3.0.0"
      postcss-modules-local-by-default "^4.0.0"
      postcss-modules-scope "^3.0.0"
      postcss-modules-values "^4.0.0"
      string-hash "^1.1.1"
  
  postcss-nested@5.0.5:
    version "5.0.5"
    resolved "http://local.server42.ziel.cn:50100/repository/eyanpm/postcss-nested/-/postcss-nested-5.0.5.tgz"
    integrity sha1-8KEH0zqfqxHXY3IF9TIeJyI+NgM=
    dependencies:
      postcss-selector-parser "^6.0.4"
  
  postcss-selector-parser@^6.0.2, postcss-selector-parser@^6.0.4:
    version "6.0.5"
    resolved "http://local.server42.ziel.cn:50100/repository/eyanpm/postcss-selector-parser/-/postcss-selector-parser-6.0.5.tgz"
    integrity sha1-BC104Tfbg+bylHEglstBP1qmEsQ=
    dependencies:
      cssesc "^3.0.0"
      util-deprecate "^1.0.2"
  
  postcss-value-parser@^3.2.3, postcss-value-parser@^3.3.0:
    version "3.3.1"
    resolved "http://local.server42.ziel.cn:50100/repository/eyanpm/postcss-value-parser/-/postcss-value-parser-3.3.1.tgz"
    integrity sha1-n/giVH4okyE88cMO+lGsX9G6goE=
  
  postcss-value-parser@^4.1.0:
    version "4.1.0"
    resolved "http://local.server42.ziel.cn:50100/repository/eyanpm/postcss-value-parser/-/postcss-value-parser-4.1.0.tgz"
    integrity sha1-RD9qIM7WSBor2k+oUypuVdeJoss=
  
  postcss@^6.0.9:
    version "6.0.23"
    resolved "http://local.server42.ziel.cn:50100/repository/eyanpm/postcss/-/postcss-6.0.23.tgz"
    integrity sha1-YcgswyisYOZ3ZF+XkFTrmLwOMyQ=
    dependencies:
      chalk "^2.4.1"
      source-map "^0.6.1"
      supports-color "^5.4.0"
  
  postcss@^7.0.0, postcss@^7.0.1:
    version "7.0.35"
    resolved "http://local.server42.ziel.cn:50100/repository/eyanpm/postcss/-/postcss-7.0.35.tgz"
    integrity sha1-0r4AuZj38hHYonaXQHny6SuXDiQ=
    dependencies:
      chalk "^2.4.2"
      source-map "^0.6.1"
      supports-color "^6.1.0"
  
  postcss@^8.1.10, postcss@^8.1.6, postcss@^8.2.1:
    version "8.2.13"
    resolved "http://local.server42.ziel.cn:50100/repository/eyanpm/postcss/-/postcss-8.2.13.tgz"
    integrity sha1-2+BD4m48Bo5FETse1jddLTfiEp8=
    dependencies:
      colorette "^1.2.2"
      nanoid "^3.1.22"
      source-map "^0.6.1"
  
  pretty-hrtime@^1.0.3:
    version "1.0.3"
    resolved "http://local.server42.ziel.cn:50100/repository/eyanpm/pretty-hrtime/-/pretty-hrtime-1.0.3.tgz"
    integrity sha1-t+PqQkNaTJsnWdmeDyAesZWALuE=
  
  promise@^7.0.1:
    version "7.3.1"
    resolved "http://local.server42.ziel.cn:50100/repository/eyanpm/promise/-/promise-7.3.1.tgz"
    integrity sha1-BktyYCsY+Q8pGSuLG8QY/9Hr078=
    dependencies:
      asap "~2.0.3"
  
  pug-attrs@^3.0.0:
    version "3.0.0"
    resolved "http://local.server42.ziel.cn:50100/repository/eyanpm/pug-attrs/-/pug-attrs-3.0.0.tgz"
    integrity sha1-sQRR4DSBZeMfrRzCPr3dncc0fEE=
    dependencies:
      constantinople "^4.0.1"
      js-stringify "^1.0.2"
      pug-runtime "^3.0.0"
  
  pug-code-gen@^3.0.2:
    version "3.0.2"
    resolved "http://local.server42.ziel.cn:50100/repository/eyanpm/pug-code-gen/-/pug-code-gen-3.0.2.tgz"
    integrity sha1-rRkPSUMTO/GGtguA3kgxAOEy4s4=
    dependencies:
      constantinople "^4.0.1"
      doctypes "^1.1.0"
      js-stringify "^1.0.2"
      pug-attrs "^3.0.0"
      pug-error "^2.0.0"
      pug-runtime "^3.0.0"
      void-elements "^3.1.0"
      with "^7.0.0"
  
  pug-error@^2.0.0:
    version "2.0.0"
    resolved "http://local.server42.ziel.cn:50100/repository/eyanpm/pug-error/-/pug-error-2.0.0.tgz"
    integrity sha1-XGIXPLCcNN4qLOBPF7it/sdNjKU=
  
  pug-filters@^4.0.0:
    version "4.0.0"
    resolved "http://local.server42.ziel.cn:50100/repository/eyanpm/pug-filters/-/pug-filters-4.0.0.tgz"
    integrity sha1-0+Sa9bqEcum3pm2YDnB86dLMm14=
    dependencies:
      constantinople "^4.0.1"
      jstransformer "1.0.0"
      pug-error "^2.0.0"
      pug-walk "^2.0.0"
      resolve "^1.15.1"
  
  pug-lexer@^5.0.1:
    version "5.0.1"
    resolved "http://local.server42.ziel.cn:50100/repository/eyanpm/pug-lexer/-/pug-lexer-5.0.1.tgz"
    integrity sha1-rkRijFvvmxkLZlaDsojKkCS4sNU=
    dependencies:
      character-parser "^2.2.0"
      is-expression "^4.0.0"
      pug-error "^2.0.0"
  
  pug-linker@^4.0.0:
    version "4.0.0"
    resolved "http://local.server42.ziel.cn:50100/repository/eyanpm/pug-linker/-/pug-linker-4.0.0.tgz"
    integrity sha1-EsvAWU/Fo+Brn8Web5PBRpYqdwg=
    dependencies:
      pug-error "^2.0.0"
      pug-walk "^2.0.0"
  
  pug-load@^3.0.0:
    version "3.0.0"
    resolved "http://local.server42.ziel.cn:50100/repository/eyanpm/pug-load/-/pug-load-3.0.0.tgz"
    integrity sha1-n9nNpSICsIrbEdJWgfufNL1BtmI=
    dependencies:
      object-assign "^4.1.1"
      pug-walk "^2.0.0"
  
  pug-parser@^6.0.0:
    version "6.0.0"
    resolved "http://local.server42.ziel.cn:50100/repository/eyanpm/pug-parser/-/pug-parser-6.0.0.tgz"
    integrity sha1-qP3ANYY6lbLB3F6/Ts+AtOdqEmA=
    dependencies:
      pug-error "^2.0.0"
      token-stream "1.0.0"
  
  pug-runtime@^3.0.0, pug-runtime@^3.0.1:
    version "3.0.1"
    resolved "http://local.server42.ziel.cn:50100/repository/eyanpm/pug-runtime/-/pug-runtime-3.0.1.tgz"
    integrity sha1-9jaXYgRyPzWoxfb61qzaKhkbg9c=
  
  pug-strip-comments@^2.0.0:
    version "2.0.0"
    resolved "http://local.server42.ziel.cn:50100/repository/eyanpm/pug-strip-comments/-/pug-strip-comments-2.0.0.tgz"
    integrity sha1-+UsH/WtJVSMzD0kKf1VLT/h2MD4=
    dependencies:
      pug-error "^2.0.0"
  
  pug-walk@^2.0.0:
    version "2.0.0"
    resolved "http://local.server42.ziel.cn:50100/repository/eyanpm/pug-walk/-/pug-walk-2.0.0.tgz"
    integrity sha1-QXqrwpIyu0SZtbUGmistKiTV9f4=
  
  pug@^3.0.2:
    version "3.0.2"
    resolved "http://local.server42.ziel.cn:50100/repository/eyanpm/pug/-/pug-3.0.2.tgz"
    integrity sha1-81xxBzQ0VOQ7wnrg/3bHMbeOpTU=
    dependencies:
      pug-code-gen "^3.0.2"
      pug-filters "^4.0.0"
      pug-lexer "^5.0.1"
      pug-linker "^4.0.0"
      pug-load "^3.0.0"
      pug-parser "^6.0.0"
      pug-runtime "^3.0.1"
      pug-strip-comments "^2.0.0"
  
  pump@^3.0.0:
    version "3.0.0"
    resolved "http://local.server42.ziel.cn:50100/repository/eyanpm/pump/-/pump-3.0.0.tgz"
    integrity sha1-tKIRaBW94vTh6mAjVOjHVWUQemQ=
    dependencies:
      end-of-stream "^1.1.0"
      once "^1.3.1"
  
  purgecss@^3.1.3:
    version "3.1.3"
    resolved "http://local.server42.ziel.cn:50100/repository/eyanpm/purgecss/-/purgecss-3.1.3.tgz"
    integrity sha1-Jph+wJ0S7q3DGOIvblqesL4JT0E=
    dependencies:
      commander "^6.0.0"
      glob "^7.0.0"
      postcss "^8.2.1"
      postcss-selector-parser "^6.0.2"
  
  queue-microtask@^1.2.2:
    version "1.2.3"
    resolved "http://local.server42.ziel.cn:50100/repository/eyanpm/queue-microtask/-/queue-microtask-1.2.3.tgz"
    integrity sha1-SSkii7xyTfrEPg77BYyve2z7YkM=
  
  quick-lru@^5.1.1:
    version "5.1.1"
    resolved "http://local.server42.ziel.cn:50100/repository/eyanpm/quick-lru/-/quick-lru-5.1.1.tgz"
    integrity sha1-NmST5rPkKjpoheLpnRj4D7eoyTI=
  
  randombytes@^2.1.0:
    version "2.1.0"
    resolved "http://local.server42.ziel.cn:50100/repository/eyanpm/randombytes/-/randombytes-2.1.0.tgz"
    integrity sha1-32+ENy8CcNxlzfYpE0mrekc9Tyo=
    dependencies:
      safe-buffer "^5.1.0"
  
  read-cache@^1.0.0:
    version "1.0.0"
    resolved "http://local.server42.ziel.cn:50100/repository/eyanpm/read-cache/-/read-cache-1.0.0.tgz"
    integrity sha1-5mTvMRYRZsl1HNvo28+GtftY93Q=
    dependencies:
      pify "^2.3.0"
  
  readable-stream@^3.4.0:
    version "3.6.0"
    resolved "http://local.server42.ziel.cn:50100/repository/eyanpm/readable-stream/-/readable-stream-3.6.0.tgz"
    integrity sha1-M3u9o63AcGvT4CRCaihtS0sskZg=
    dependencies:
      inherits "^2.0.3"
      string_decoder "^1.1.1"
      util-deprecate "^1.0.1"
  
  readdirp@~3.5.0:
    version "3.5.0"
    resolved "http://local.server42.ziel.cn:50100/repository/eyanpm/readdirp/-/readdirp-3.5.0.tgz"
    integrity sha1-m6dMAZsV02UnjS6Ru4xI17TULJ4=
    dependencies:
      picomatch "^2.2.1"
  
  reduce-css-calc@^2.1.8:
    version "2.1.8"
    resolved "http://local.server42.ziel.cn:50100/repository/eyanpm/reduce-css-calc/-/reduce-css-calc-2.1.8.tgz"
    integrity sha1-fvh2GijWFJgNwMmC93LJP3qZ3gM=
    dependencies:
      css-unit-converter "^1.1.1"
      postcss-value-parser "^3.3.0"
  
  requires-port@^1.0.0:
    version "1.0.0"
    resolved "http://local.server42.ziel.cn:50100/repository/eyanpm/requires-port/-/requires-port-1.0.0.tgz"
    integrity sha1-kl0mAdOaxIXgkc8NpcbmlNw9yv8=
  
  resolve-from@^4.0.0:
    version "4.0.0"
    resolved "http://local.server42.ziel.cn:50100/repository/eyanpm/resolve-from/-/resolve-from-4.0.0.tgz"
    integrity sha1-SrzYUq0y3Xuqv+m0DgCjbbXzkuY=
  
  resolve-from@^5.0.0:
    version "5.0.0"
    resolved "http://local.server42.ziel.cn:50100/repository/eyanpm/resolve-from/-/resolve-from-5.0.0.tgz"
    integrity sha1-w1IlhD3493bfIcV1V7wIfp39/Gk=
  
  resolve-path@^1.4.0:
    version "1.4.0"
    resolved "http://local.server42.ziel.cn:50100/repository/eyanpm/resolve-path/-/resolve-path-1.4.0.tgz"
    integrity sha1-xL2p9e+y/OZSR4c6s2u02DT+Fvc=
    dependencies:
      http-errors "~1.6.2"
      path-is-absolute "1.0.1"
  
  resolve@^1.1.7, resolve@^1.15.1, resolve@^1.17.0, resolve@^1.20.0:
    version "1.20.0"
    resolved "http://local.server42.ziel.cn:50100/repository/eyanpm/resolve/-/resolve-1.20.0.tgz"
    integrity sha1-YpoBP7P3B1XW8LeTXMHCxTeLGXU=
    dependencies:
      is-core-module "^2.2.0"
      path-parse "^1.0.6"
  
  restore-cursor@^3.1.0:
    version "3.1.0"
    resolved "http://local.server42.ziel.cn:50100/repository/eyanpm/restore-cursor/-/restore-cursor-3.1.0.tgz"
    integrity sha1-OfZ8VLOnpYzqUjbZXPADQjljH34=
    dependencies:
      onetime "^5.1.0"
      signal-exit "^3.0.2"
  
  reusify@^1.0.4:
    version "1.0.4"
    resolved "http://local.server42.ziel.cn:50100/repository/eyanpm/reusify/-/reusify-1.0.4.tgz"
    integrity sha1-kNo4Kx4SbvwCFG6QhFqI2xKSXXY=
  
  rollup-plugin-dynamic-import-variables@^1.1.0:
    version "1.1.0"
    resolved "http://local.server42.ziel.cn:50100/repository/eyanpm/rollup-plugin-dynamic-import-variables/-/rollup-plugin-dynamic-import-variables-1.1.0.tgz"
    integrity sha1-SYHTiQekcbNSNDmKCQR770eiAGo=
    dependencies:
      "@rollup/pluginutils" "^3.0.9"
      estree-walker "^2.0.1"
      globby "^11.0.0"
      magic-string "^0.25.7"
  
  rollup-plugin-terser@^7.0.2:
    version "7.0.2"
    resolved "http://local.server42.ziel.cn:50100/repository/eyanpm/rollup-plugin-terser/-/rollup-plugin-terser-7.0.2.tgz"
    integrity sha1-6Pu6SGmYGy3DWufopQLVxsBNMk0=
    dependencies:
      "@babel/code-frame" "^7.10.4"
      jest-worker "^26.2.1"
      serialize-javascript "^4.0.0"
      terser "^5.0.0"
  
  rollup-plugin-vue@^6.0.0:
    version "6.0.0"
    resolved "http://local.server42.ziel.cn:50100/repository/eyanpm/rollup-plugin-vue/-/rollup-plugin-vue-6.0.0.tgz"
    integrity sha1-43npPlrpqGSFIvaYvi5FLoZyqvI=
    dependencies:
      debug "^4.1.1"
      hash-sum "^2.0.0"
      rollup-pluginutils "^2.8.2"
  
  rollup-plugin-web-worker-loader@^1.3.1:
    version "1.6.1"
    resolved "http://local.server42.ziel.cn:50100/repository/eyanpm/rollup-plugin-web-worker-loader/-/rollup-plugin-web-worker-loader-1.6.1.tgz"
    integrity sha1-nXonV1tksHgP5OizvIdHDSF+SF8=
  
  rollup-pluginutils@^2.8.2:
    version "2.8.2"
    resolved "http://local.server42.ziel.cn:50100/repository/eyanpm/rollup-pluginutils/-/rollup-pluginutils-2.8.2.tgz"
    integrity sha1-cvKvB0i1kjZNvTOJ5gDlqURKNR4=
    dependencies:
      estree-walker "^0.6.1"
  
  rollup@^2.32.1:
    version "2.45.2"
    resolved "http://local.server42.ziel.cn:50100/repository/eyanpm/rollup/-/rollup-2.45.2.tgz"
    integrity sha1-j7hZF8nzVgVyDpIyjzzL+6b3i0g=
    optionalDependencies:
      fsevents "~2.3.1"
  
  run-parallel@^1.1.9:
    version "1.2.0"
    resolved "http://local.server42.ziel.cn:50100/repository/eyanpm/run-parallel/-/run-parallel-1.2.0.tgz"
    integrity sha1-ZtE2jae9+SHrnZW9GpIp5/IaQ+4=
    dependencies:
      queue-microtask "^1.2.2"
  
  safe-buffer@5.1.2:
    version "5.1.2"
    resolved "http://local.server42.ziel.cn:50100/repository/eyanpm/safe-buffer/-/safe-buffer-5.1.2.tgz"
    integrity sha1-mR7GnSluAxN0fVm9/St0XDX4go0=
  
  safe-buffer@^5.1.0, safe-buffer@~5.2.0:
    version "5.2.1"
    resolved "http://local.server42.ziel.cn:50100/repository/eyanpm/safe-buffer/-/safe-buffer-5.2.1.tgz"
    integrity sha1-Hq+fqb2x/dTsdfWPnNtOa3gn7sY=
  
  selfsigned@^1.10.8:
    version "1.10.8"
    resolved "http://local.server42.ziel.cn:50100/repository/eyanpm/selfsigned/-/selfsigned-1.10.8.tgz"
    integrity sha1-DRcgi30Swz+OrIXEGDXyf8PYGjA=
    dependencies:
      node-forge "^0.10.0"
  
  serialize-javascript@^4.0.0:
    version "4.0.0"
    resolved "http://local.server42.ziel.cn:50100/repository/eyanpm/serialize-javascript/-/serialize-javascript-4.0.0.tgz"
    integrity sha1-tSXhI4SJpez8Qq+sw/6Z5mb0sao=
    dependencies:
      randombytes "^2.1.0"
  
  setprototypeof@1.1.0:
    version "1.1.0"
    resolved "http://local.server42.ziel.cn:50100/repository/eyanpm/setprototypeof/-/setprototypeof-1.1.0.tgz"
    integrity sha1-0L2FU2iHtv58DYGMuWLZ2RxU5lY=
  
  setprototypeof@1.1.1:
    version "1.1.1"
    resolved "http://local.server42.ziel.cn:50100/repository/eyanpm/setprototypeof/-/setprototypeof-1.1.1.tgz"
    integrity sha1-fpWsskqpL1iF4KvvW6ExMw1K5oM=
  
  setprototypeof@1.2.0:
    version "1.2.0"
    resolved "http://local.server42.ziel.cn:50100/repository/eyanpm/setprototypeof/-/setprototypeof-1.2.0.tgz"
    integrity sha1-ZsmiSnP5/CjL5msJ/tPTPcrxtCQ=
  
  shebang-command@^2.0.0:
    version "2.0.0"
    resolved "http://local.server42.ziel.cn:50100/repository/eyanpm/shebang-command/-/shebang-command-2.0.0.tgz"
    integrity sha1-zNCvT4g1+9wmW4JGGq8MNmY/NOo=
    dependencies:
      shebang-regex "^3.0.0"
  
  shebang-regex@^3.0.0:
    version "3.0.0"
    resolved "http://local.server42.ziel.cn:50100/repository/eyanpm/shebang-regex/-/shebang-regex-3.0.0.tgz"
    integrity sha1-rhbxZE2HPsrYQ7AwexQzYtTEIXI=
  
  signal-exit@^3.0.2:
    version "3.0.3"
    resolved "http://local.server42.ziel.cn:50100/repository/eyanpm/signal-exit/-/signal-exit-3.0.3.tgz"
    integrity sha1-oUEMLt2PB3sItOJTyOrPyvBXRhw=
  
  simple-swizzle@^0.2.2:
    version "0.2.2"
    resolved "http://local.server42.ziel.cn:50100/repository/eyanpm/simple-swizzle/-/simple-swizzle-0.2.2.tgz"
    integrity sha1-pNprY1/8zMoz9w0Xy5JZLeleVXo=
    dependencies:
      is-arrayish "^0.3.1"
  
  slash@^3.0.0:
    version "3.0.0"
    resolved "http://local.server42.ziel.cn:50100/repository/eyanpm/slash/-/slash-3.0.0.tgz"
    integrity sha1-ZTm+hwwWWtvVJAIg2+Nh8bxNRjQ=
  
  source-map-support@~0.5.19:
    version "0.5.19"
    resolved "http://local.server42.ziel.cn:50100/repository/eyanpm/source-map-support/-/source-map-support-0.5.19.tgz"
    integrity sha1-qYti+G3K9PZzmWSMCFKRq56P7WE=
    dependencies:
      buffer-from "^1.0.0"
      source-map "^0.6.0"
  
  source-map@^0.6.0, source-map@^0.6.1, source-map@~0.6.0:
    version "0.6.1"
    resolved "http://local.server42.ziel.cn:50100/repository/eyanpm/source-map/-/source-map-0.6.1.tgz"
    integrity sha1-dHIq8y6WFOnCh6jQu95IteLxomM=
  
  source-map@^0.7.3, source-map@~0.7.2:
    version "0.7.3"
    resolved "http://local.server42.ziel.cn:50100/repository/eyanpm/source-map/-/source-map-0.7.3.tgz"
    integrity sha1-UwL4FpAxc1ImVECS5kmB91F1A4M=
  
  sourcemap-codec@^1.4.4:
    version "1.4.8"
    resolved "http://local.server42.ziel.cn:50100/repository/eyanpm/sourcemap-codec/-/sourcemap-codec-1.4.8.tgz"
    integrity sha1-6oBL2UhXQC5pktBaOO8a41qatMQ=
  
  "statuses@>= 1.2.1 < 2", "statuses@>= 1.4.0 < 2", "statuses@>= 1.5.0 < 2", statuses@^1.5.0:
    version "1.5.0"
    resolved "http://local.server42.ziel.cn:50100/repository/eyanpm/statuses/-/statuses-1.5.0.tgz"
    integrity sha1-Fhx9rBd2Wf2YEfQ3cfqZOBR4Yow=
  
  string-hash@^1.1.1:
    version "1.1.3"
    resolved "http://local.server42.ziel.cn:50100/repository/eyanpm/string-hash/-/string-hash-1.1.3.tgz"
    integrity sha1-6Kr8CsGFW0Zmkp7X3RJ1311sgRs=
  
  string_decoder@^1.1.1:
    version "1.3.0"
    resolved "http://local.server42.ziel.cn:50100/repository/eyanpm/string_decoder/-/string_decoder-1.3.0.tgz"
    integrity sha1-QvEUWUpGzxqOMLCoT1bHjD7awh4=
    dependencies:
      safe-buffer "~5.2.0"
  
  strip-ansi@^6.0.0:
    version "6.0.0"
    resolved "http://local.server42.ziel.cn:50100/repository/eyanpm/strip-ansi/-/strip-ansi-6.0.0.tgz"
    integrity sha1-CxVx3XZpzNTz4G4U7x7tJiJa5TI=
    dependencies:
      ansi-regex "^5.0.0"
  
  strip-final-newline@^2.0.0:
    version "2.0.0"
    resolved "http://local.server42.ziel.cn:50100/repository/eyanpm/strip-final-newline/-/strip-final-newline-2.0.0.tgz"
    integrity sha1-ibhS+y/L6Tb29LMYevsKEsGrWK0=
  
  supports-color@^5.3.0, supports-color@^5.4.0:
    version "5.5.0"
    resolved "http://local.server42.ziel.cn:50100/repository/eyanpm/supports-color/-/supports-color-5.5.0.tgz"
    integrity sha1-4uaaRKyHcveKHsCzW2id9lMO/I8=
    dependencies:
      has-flag "^3.0.0"
  
  supports-color@^6.1.0:
    version "6.1.0"
    resolved "http://local.server42.ziel.cn:50100/repository/eyanpm/supports-color/-/supports-color-6.1.0.tgz"
    integrity sha1-B2Srxpxj1ayELdSGfo0CXogN+PM=
    dependencies:
      has-flag "^3.0.0"
  
  supports-color@^7.0.0, supports-color@^7.1.0:
    version "7.2.0"
    resolved "http://local.server42.ziel.cn:50100/repository/eyanpm/supports-color/-/supports-color-7.2.0.tgz"
    integrity sha1-G33NyzK4E4gBs+R4umpRyqiWSNo=
    dependencies:
      has-flag "^4.0.0"
  
  tailwindcss@^2.1.2:
    version "2.1.2"
    resolved "http://local.server42.ziel.cn:50100/repository/eyanpm/tailwindcss/-/tailwindcss-2.1.2.tgz"
    integrity sha1-KUAr9zpEX67dA99tOxd+e1K3xKE=
    dependencies:
      "@fullhuman/postcss-purgecss" "^3.1.3"
      bytes "^3.0.0"
      chalk "^4.1.0"
      chokidar "^3.5.1"
      color "^3.1.3"
      detective "^5.2.0"
      didyoumean "^1.2.1"
      dlv "^1.1.3"
      fast-glob "^3.2.5"
      fs-extra "^9.1.0"
      html-tags "^3.1.0"
      lodash "^4.17.21"
      lodash.topath "^4.5.2"
      modern-normalize "^1.0.0"
      node-emoji "^1.8.1"
      normalize-path "^3.0.0"
      object-hash "^2.1.1"
      parse-glob "^3.0.4"
      postcss-functions "^3"
      postcss-js "^3.0.3"
      postcss-nested "5.0.5"
      postcss-selector-parser "^6.0.4"
      postcss-value-parser "^4.1.0"
      pretty-hrtime "^1.0.3"
      quick-lru "^5.1.1"
      reduce-css-calc "^2.1.8"
      resolve "^1.20.0"
  
  terser@^5.0.0:
    version "5.7.0"
    resolved "http://local.server42.ziel.cn:50100/repository/eyanpm/terser/-/terser-5.7.0.tgz"
    integrity sha1-p2Hu7CBryHtgWrEwKYdurZOK5pM=
    dependencies:
      commander "^2.20.0"
      source-map "~0.7.2"
      source-map-support "~0.5.19"
  
  to-fast-properties@^2.0.0:
    version "2.0.0"
    resolved "http://local.server42.ziel.cn:50100/repository/eyanpm/to-fast-properties/-/to-fast-properties-2.0.0.tgz"
    integrity sha1-3F5pjL0HkmW8c+A3doGk5Og/YW4=
  
  to-regex-range@^5.0.1:
    version "5.0.1"
    resolved "http://local.server42.ziel.cn:50100/repository/eyanpm/to-regex-range/-/to-regex-range-5.0.1.tgz"
    integrity sha1-FkjESq58jZiKMmAY7XL1tN0DkuQ=
    dependencies:
      is-number "^7.0.0"
  
  toidentifier@1.0.0:
    version "1.0.0"
    resolved "http://local.server42.ziel.cn:50100/repository/eyanpm/toidentifier/-/toidentifier-1.0.0.tgz"
    integrity sha1-fhvjRw8ed5SLxD2Uo8j013UrpVM=
  
  token-stream@1.0.0:
    version "1.0.0"
    resolved "http://local.server42.ziel.cn:50100/repository/eyanpm/token-stream/-/token-stream-1.0.0.tgz"
    integrity sha1-zCAOqyYT9BZtJ/+a/HylbUnfbrQ=
  
  tsscmp@1.0.6:
    version "1.0.6"
    resolved "http://local.server42.ziel.cn:50100/repository/eyanpm/tsscmp/-/tsscmp-1.0.6.tgz"
    integrity sha1-hbmVg6w1iexL/vgltQAKqRHWBes=
  
  type-is@^1.6.16:
    version "1.6.18"
    resolved "http://local.server42.ziel.cn:50100/repository/eyanpm/type-is/-/type-is-1.6.18.tgz"
    integrity sha1-TlUs0F3wlGfcvE73Od6J8s83wTE=
    dependencies:
      media-typer "0.3.0"
      mime-types "~2.1.24"
  
  universalify@^2.0.0:
    version "2.0.0"
    resolved "http://local.server42.ziel.cn:50100/repository/eyanpm/universalify/-/universalify-2.0.0.tgz"
    integrity sha1-daSYTv7cSwiXXFrrc/Uw0C3yVxc=
  
  util-deprecate@^1.0.1, util-deprecate@^1.0.2:
    version "1.0.2"
    resolved "http://local.server42.ziel.cn:50100/repository/eyanpm/util-deprecate/-/util-deprecate-1.0.2.tgz"
    integrity sha1-RQ1Nyfpw3nMnYvvS1KKJgUGaDM8=
  
  vary@^1.1.2:
    version "1.1.2"
    resolved "http://local.server42.ziel.cn:50100/repository/eyanpm/vary/-/vary-1.1.2.tgz"
    integrity sha1-IpnwLG3tMNSllhsLn3RSShj2NPw=
  
  vite@^1.0.0-rc.13:
    version "1.0.0-rc.13"
    resolved "http://local.server42.ziel.cn:50100/repository/eyanpm/vite/-/vite-1.0.0-rc.13.tgz"
    integrity sha1-Dgs7YTiZih0MAkWZCKbE+y8pRyc=
    dependencies:
      "@babel/parser" "^7.12.7"
      "@koa/cors" "^3.1.0"
      "@rollup/plugin-commonjs" "^16.0.0"
      "@rollup/plugin-json" "^4.1.0"
      "@rollup/plugin-node-resolve" "^10.0.0"
      "@rollup/pluginutils" "^4.1.0"
      "@types/http-proxy" "^1.17.4"
      "@types/koa" "^2.11.4"
      "@types/lru-cache" "^5.1.0"
      "@vue/compiler-dom" "^3.0.3"
      "@vue/compiler-sfc" "^3.0.3"
      brotli-size "^4.0.0"
      cac "^6.6.1"
      chalk "^4.1.0"
      chokidar "^3.4.2"
      clean-css "^4.2.3"
      debug "^4.3.1"
      dotenv "^8.2.0"
      dotenv-expand "^5.1.0"
      es-module-lexer "^0.3.25"
      esbuild "^0.8.12"
      etag "^1.8.1"
      execa "^4.0.3"
      fs-extra "^9.0.1"
      hash-sum "^2.0.0"
      isbuiltin "^1.0.0"
      klona "^2.0.4"
      koa "^2.13.0"
      koa-conditional-get "^3.0.0"
      koa-etag "^4.0.0"
      koa-proxies "^0.11.0"
      koa-send "^5.0.1"
      koa-static "^5.0.0"
      lru-cache "^6.0.0"
      magic-string "^0.25.7"
      merge-source-map "^1.1.0"
      mime-types "^2.1.27"
      minimist "^1.2.5"
      open "^7.2.1"
      ora "^5.1.0"
      p-map-series "^2.1.0"
      postcss-discard-comments "^4.0.2"
      postcss-import "^12.0.1"
      postcss-load-config "^3.0.0"
      resolve "^1.17.0"
      rollup "^2.32.1"
      rollup-plugin-dynamic-import-variables "^1.1.0"
      rollup-plugin-terser "^7.0.2"
      rollup-plugin-vue "^6.0.0"
      rollup-plugin-web-worker-loader "^1.3.1"
      selfsigned "^1.10.8"
      slash "^3.0.0"
      source-map "^0.7.3"
      vue "^3.0.3"
      ws "^7.3.1"
  
  void-elements@^3.1.0:
    version "3.1.0"
    resolved "http://local.server42.ziel.cn:50100/repository/eyanpm/void-elements/-/void-elements-3.1.0.tgz"
    integrity sha1-YU9/v42AHwu18GYfWy9XhXUOTwk=
  
  vue@^3.0.3, vue@^3.0.4:
    version "3.0.11"
    resolved "http://local.server42.ziel.cn:50100/repository/eyanpm/vue/-/vue-3.0.11.tgz"
    integrity sha1-yC+VlMv03MhpJB1MjdPgjZqPS18=
    dependencies:
      "@vue/compiler-dom" "3.0.11"
      "@vue/runtime-dom" "3.0.11"
      "@vue/shared" "3.0.11"
  
  wcwidth@^1.0.1:
    version "1.0.1"
    resolved "http://local.server42.ziel.cn:50100/repository/eyanpm/wcwidth/-/wcwidth-1.0.1.tgz"
    integrity sha1-8LDc+RW8X/FSivrbLA4XtTLaL+g=
    dependencies:
      defaults "^1.0.3"
  
  which@^2.0.1:
    version "2.0.2"
    resolved "http://local.server42.ziel.cn:50100/repository/eyanpm/which/-/which-2.0.2.tgz"
    integrity sha1-fGqN0KY2oDJ+ELWckobu6T8/UbE=
    dependencies:
      isexe "^2.0.0"
  
  with@^7.0.0:
    version "7.0.2"
    resolved "http://local.server42.ziel.cn:50100/repository/eyanpm/with/-/with-7.0.2.tgz"
    integrity sha1-zO461ULSVTinp6gKrSErmChJW6w=
    dependencies:
      "@babel/parser" "^7.9.6"
      "@babel/types" "^7.9.6"
      assert-never "^1.2.1"
      babel-walk "3.0.0-canary-5"
  
  wrappy@1:
    version "1.0.2"
    resolved "http://local.server42.ziel.cn:50100/repository/eyanpm/wrappy/-/wrappy-1.0.2.tgz"
    integrity sha1-tSQ9jz7BqjXxNkYFvA0QNuMKtp8=
  
  ws@^7.3.1:
    version "7.4.5"
    resolved "http://local.server42.ziel.cn:50100/repository/eyanpm/ws/-/ws-7.4.5.tgz"
    integrity sha1-pITdhR6b62/bQgAn44hejOSJhsE=
  
  xtend@^4.0.2:
    version "4.0.2"
    resolved "http://local.server42.ziel.cn:50100/repository/eyanpm/xtend/-/xtend-4.0.2.tgz"
    integrity sha1-u3J3n1+kZRhrH0OPZ0+jR/2121Q=
  
  yallist@^3.0.2:
    version "3.1.1"
    resolved "http://local.server42.ziel.cn:50100/repository/eyanpm/yallist/-/yallist-3.1.1.tgz"
    integrity sha1-27fa+b/YusmrRev2ArjLrQ1dCP0=
  
  yallist@^4.0.0:
    version "4.0.0"
    resolved "http://local.server42.ziel.cn:50100/repository/eyanpm/yallist/-/yallist-4.0.0.tgz"
    integrity sha1-m7knkNnA7/7GO+c1GeEaNQGaOnI=
  
  yaml@^1.10.0:
    version "1.10.2"
    resolved "http://local.server42.ziel.cn:50100/repository/eyanpm/yaml/-/yaml-1.10.2.tgz"
    integrity sha1-IwHF/78StGfejaIzOkWeKeeSDks=
  
  ylru@^1.2.0:
    version "1.2.1"
    resolved "http://local.server42.ziel.cn:50100/repository/eyanpm/ylru/-/ylru-1.2.1.tgz"
    integrity sha1-9Xa2M0FUeYnB3nuiiHYJI7J/6E8=
